# name/game/hands/seed matchName holdem.limit.2p.reverse_blinds.game 1000 0
#--t_response 600000
#--t_hand 600000
#--t_per_hand 7000
STATE:0:cc/cc/cc/crrc:5d5c|9hQd/8dAs8s/4h/6d:50|-50:Alice|Bob
STATE:1:crrc/cc/cc/rc:6sKs|5dJd/2sTh2h/Qh/8h:50|-50:Bob|Alice
STATE:2:cc/cc/rrc/rf:Ah8s|2h4c/Qd7h6c/4s/Jc:50|-50:Alice|Bob
STATE:3:rc/rc/crc/cc:4s8s|6hJd/QhJs9d/Qc/9h:-50|50:Bob|Alice
STATE:4:crrc/cc/rc/rc:5s4c|Kc7d/KsAsJd/Th/7h:-70|70:Alice|Bob
STATE:5:crc/cc/rrrrc/cc:KhTh|8s7d/9c8d5c/Qd/Td:100|-100:Bob|Alice
STATE:6:cc/crc/cc/rc:Kc8h|5cAs/9dAh4d/7h/Qs:-40|40:Alice|Bob
STATE:7:cc/crrrc/cc/cc:Ah6c|2c3d/5d6hTc/6d/Td:40|-40:Bob|Alice
STATE:8:cc/rc/rrrc/cc:2hAd|Js7c/4d3s3c/Jh/7d:-80|80:Alice|Bob
STATE:9:rrrc/rc/rrc/cc:Qd5h|9h2d/AsKs3h/Th/8c:90|-90:Bob|Alice
STATE:10:cc/rrf:KcAd|Jd5c/6s7c4h:-20|20:Alice|Bob
STATE:11:rc/cc/rf:9dTc|9s4h/3h7c2h/9h:20|-20:Bob|Alice
STATE:12:cc/crc/rrrc/cc:3hTs|AdQd/9d7h4h/Kd/As:-80|80:Alice|Bob
STATE:13:f:8h9s|3d2s:5|-5:Bob|Alice
STATE:14:cc/cc/cc/rrrc:2d3s|6sQh/5d8h4d/Qs/2c:-70|70:Alice|Bob
STATE:15:rrc/rrrc/rrrf:3c4c|Th7s/5d6c8s/6h:100|-100:Bob|Alice
STATE:16:crc/rc/rc/rrc:3c8d|Ks6c/Ad8c7s/Jd/8s:90|-90:Alice|Bob
STATE:17:rrc/crc/rrc/cc:Kc7c|2s7d/As3h6s/Qc/7s:80|-80:Bob|Alice
STATE:18:rc/cc/rc/crc:AsJh|8d2c/7dAh5c/3s/3c:60|-60:Alice|Bob
STATE:19:rc/cc/crc/cc:2h6d|7dKc/5sAs6h/6s/Jd:40|-40:Bob|Alice
STATE:20:cc/rc/crrrrc/rrc:5cAs|2s7h/KsQcTh/Qd/Qh:140|-140:Alice|Bob
STATE:21:cc/crrc/crrrrc/cc:9sTs|7d4h/5c4sAh/4c/7c:-110|110:Bob|Alice
STATE:22:rc/cc/rc/rf:5sJh|8dTh/5c2d5d/Tc/Ad:40|-40:Alice|Bob
STATE:23:rrc/crf:6c7s|AcTh/TsAhQh:-30|30:Bob|Alice
STATE:24:cc/rc/rf:9d3h|Qh6s/6hQc7d/2c:20|-20:Alice|Bob
STATE:25:crc/crc/crc/rrf:2s3d|7dTs/Ad4hJh/9c/6c:-70|70:Bob|Alice
STATE:26:rc/cc/rrc/rrrrc:5dJs|9h4h/4sTh3d/3s/7d:-140|140:Alice|Bob
STATE:27:rrrc/rc/rc/rrc:2d2s|8s4d/TcAd5d/2c/3h:-110|110:Bob|Alice
STATE:28:rc/rrc/cc/cc:AdTd|Qd2c/2d7d6c/9d/Jh:40|-40:Alice|Bob
STATE:29:cc/rc/rc/rrrc:8s2d|8h9d/7h5c7s/7c/Jc:-100|100:Bob|Alice
STATE:30:cc/rc/rrc/rrrc:3c2s|4sTs/4hQc3h/3d/Qd:120|-120:Alice|Bob
STATE:31:cc/cc/rc/rc:Jd9c|6s8s/7s6d5c/Jc/Qc:50|-50:Bob|Alice
STATE:32:rrc/cc/crrc/rc:QsKd|7c7d/2c2d6c/6h/Jd:-90|90:Alice|Bob
STATE:33:rrf:Th5d|Qs8h:20|-20:Bob|Alice
STATE:34:cc/rc/crc/cc:7hAc|AdAs/Jh3s5d/Kh/7c:-40|40:Alice|Bob
STATE:35:crc/crc/crrrc/rc:AsAh|2dQs/4s7dTs/Kd/5s:110|-110:Bob|Alice
STATE:36:cc/cc/rc/crc:AhQc|8c5c/4dAs4h/4s/6d:50|-50:Alice|Bob
STATE:37:rrc/cc/rrrrc/cc:KcQd|8sJc/9hJh9d/Qs/Kd:110|-110:Bob|Alice
STATE:38:cc/crrf:Ad6s|Qh8h/6cJc7c:20|-20:Alice|Bob
STATE:39:cc/rrrc/crf:9sTc|6cAs/3d6s2d/Ac:-40|40:Bob|Alice
STATE:40:rc/rc/cc/rc:5d6s|8hKc/Kd3d2h/8d/Td:50|-50:Alice|Bob
STATE:41:rrrc/rrc/rrrc/rrrrc:4d6d|9s6s/7dJd5c/Ad/Ks:200|-200:Bob|Alice
STATE:42:crrc/rc/rc/cc:ThQh|Kc8s/2d3h9s/4s/2c:-60|60:Alice|Bob
STATE:43:cc/cc/cc/cc:7s8h|9h4c/Ts9s6d/4d/5c:10|-10:Bob|Alice
STATE:44:rc/rc/rc/rrrc:9c6h|3dJh/AhTs9d/7s/7h:110|-110:Alice|Bob
STATE:45:cc/cc/rrrrc/cc:5c3s|7c8h/9sKh8s/2d/4c:-90|90:Bob|Alice
STATE:46:f:8hJd|5cQh:5|-5:Alice|Bob
STATE:47:rc/crrf:Qc2s|JsAh/9d8s2h:30|-30:Bob|Alice
STATE:48:rc/crc/rc/cc:5cJc|Jd4c/3hAc4d/3d/6s:-50|50:Alice|Bob
STATE:49:cc/rrc/rrrrc/crc:QhTd|Js3c/9cQc5d/Ad/Kd:130|-130:Bob|Alice
STATE:50:rrc/cc/rc/rc:Tc5d|JsAd/4h7s8s/9c/3d:-70|70:Alice|Bob
STATE:51:rc/rrrc/crc/rf:Ah7c|AsKc/7d2c8c/Jh/Jd:70|-70:Bob|Alice
STATE:52:rc/rf:5cJh|Th8h/8s9d6c:20|-20:Alice|Bob
STATE:53:cc/crrrrc/crc/crc:Qd5c|3h6d/AsTd8d/Kh/Qc:90|-90:Bob|Alice
STATE:54:f:7s4h|7h9d:5|-5:Alice|Bob
STATE:55:f:8c6s|Tc8h:5|-5:Bob|Alice
STATE:56:rrc/rrc/rrc/cc:Ks7d|9hTs/Jd4h9c/3c/6h:-90|90:Alice|Bob
STATE:57:rc/rc/cc/rc:5cAh|9dTh/As3dTs/Kh/9h:-50|50:Bob|Alice
STATE:58:rrc/crrc/rrrc/rrc:2c9h|5hKh/JdKsAs/9s/6c:-150|150:Alice|Bob
STATE:59:rf:4dTd|9s9c:-10|10:Bob|Alice
STATE:60:cc/rc/crc/rrc:5s9s|3c4c/Jc3sAs/6c/2c:-80|80:Alice|Bob
STATE:61:cc/cc/crc/rc:Jd5d|4s4d/6c8h7s/Jh/7h:50|-50:Bob|Alice
STATE:62:rc/cc/rc/rrc:5s2s|Kh2c/6d8hQs/Ah/Ks:-80|80:Alice|Bob
STATE:63:cc/crrc/rc/crc:7c5s|9c2c/QdKh9d/Jd/Kc:-70|70:Bob|Alice
STATE:64:rrc/rrrrc/rc/rc:7c9d|8s9h/2cTsTh/4c/Ad:-110|110:Alice|Bob
STATE:65:cc/rrc/cc/rc:8h7h|Ah2s/3dJh4s/Qd/As:-50|50:Bob|Alice
STATE:66:cc/rf:QhAd|5s3h/2h2cTc:10|-10:Alice|Bob
STATE:67:cc/crrc/rc/cc:4d6d|9hJc/Jd4h3s/Ah/6s:50|-50:Bob|Alice
STATE:68:rc/crc/cc/cc:7h6d|6h4d/3cJd7d/8s/Kc:30|-30:Alice|Bob
STATE:69:cc/cc/crc/crrrrf:Jh4c|9d2d/6dTh5s/As/Kd:90|-90:Bob|Alice
STATE:70:crrrf:Ah4d|JhTs:30|-30:Alice|Bob
STATE:71:cc/rrrc/crc/cc:6c5h|8h2s/5sQd4h/Js/9c:60|-60:Bob|Alice
STATE:72:crc/rrrrc/crrc/rc:3c3s|7c3h/2s8s5s/9s/4c:120|-120:Alice|Bob
STATE:73:rrc/rc/cc/crrrc:3s5d|Kh2h/3h2d9h/8d/9d:100|-100:Bob|Alice
STATE:74:cc/crf:5c3c|2dJh/Kh6c9h:-10|10:Alice|Bob
STATE:75:crc/crc/rrrrc/rc:Kc7s|2s6d/4hQdKh/Ah/Kd:130|-130:Bob|Alice
STATE:76:rrrc/crc/rc/cc:Qh9s|Tc5d/Qc8h2c/Ks/Jh:70|-70:Alice|Bob
STATE:77:cc/cc/cc/crc:JsTd|5s2c/AsAcTc/Ah/8h:30|-30:Bob|Alice
STATE:78:f:As8s|4cQc:5|-5:Alice|Bob
STATE:79:f:3c6h|3dKc:5|-5:Bob|Alice
STATE:80:crc/crc/rrrc/cc:6d6s|Tc6c/4c8s7s/Js/4d:90|-90:Alice|Bob
STATE:81:rc/crc/rrc/cc:5s6s|7c3s/Qd4dQc/2c/6c:70|-70:Bob|Alice
STATE:82:rrrf:2sQs|2c7d:-30|30:Alice|Bob
STATE:83:cc/rrc/crrrc/cc:8dTc|2h6c/Qs4c2s/Td/6h:-90|90:Bob|Alice
STATE:84:rrf:Ah9d|5c6c:20|-20:Alice|Bob
STATE:85:crrrc/rc/rrc/rc:3d8h|5d2s/4s9cQs/7h/As:110|-110:Bob|Alice
STATE:86:cc/cc/rrrf:6d8h|6h6c/Ts2sQc/3d:50|-50:Alice|Bob
STATE:87:f:AdAc|8d8s:5|-5:Bob|Alice
STATE:88:rrc/crrrc/crc/rc:Jh2c|2hKc/5s8dTs/Tc/6d:-100|100:Alice|Bob
STATE:89:rc/rrrc/rrc/rc:JsKc|JdQh/Ts9c5d/6c/5h:110|-110:Bob|Alice
STATE:90:rrc/rc/rc/rrf:2sTs|Kd6s/9dTh6h/2c/3d:-80|80:Alice|Bob
STATE:91:rc/cc/cc/cc:7d9h|JdKc/KhQdJc/Ts/Td:20|-20:Bob|Alice
STATE:92:rrrc/rc/rc/crrrf:8hJc|JhAc/6s5s6d/9h/4s:-110|110:Alice|Bob
STATE:93:cc/rrrc/rrc/rrrrc:Jh2d|2c5h/AdKdTd/Jd/Th:160|-160:Bob|Alice
STATE:94:f:Tc3s|9s4h:5|-5:Alice|Bob
STATE:95:rrrc/crc/cc/cc:9dAd|5sTc/AhJd3d/Jc/5c:50|-50:Bob|Alice
STATE:96:cc/rrf:4sQh|8dTc/QcJsAh:-20|20:Alice|Bob
STATE:97:rrc/rc/rrrrc/rc:Qd9h|AsAd/3d4s6s/2h/9d:-140|140:Bob|Alice
STATE:98:rc/cc/rrrrc/cc:QsQc|7cQh/Kd6h3h/Kh/5d:100|-100:Alice|Bob
STATE:99:f:4cTs|Qs9s:5|-5:Bob|Alice
STATE:100:rrrc/crrc/cc/cc:Qd2c|3cKh/8h8c7h/Kd/2d:-60|60:Alice|Bob
STATE:101:rc/crrrrc/rc/crc:Qs6d|7s7h/8c8h2c/3d/8d:-100|100:Bob|Alice
STATE:102:crc/crrrc/cc/crrc:JsKc|5dTh/6sQsJh/2c/4h:90|-90:Alice|Bob
STATE:103:crrrc/cc/crc/rc:Js5h|Td3h/6cQdKc/9d/3s:-80|80:Bob|Alice
STATE:104:crrrc/crf:Qs8d|9c8h/5hKh3c:-40|40:Alice|Bob
STATE:105:rrrc/rrrrc/crc/rc:Th6d|5s4d/5cJc8c/6h/9s:120|-120:Bob|Alice
STATE:106:cc/rc/rc/crc:Qd7c|3d8c/Th3cJs/Ac/9d:-60|60:Alice|Bob
STATE:107:rrrc/rc/rc/crrc:JsTc|Jd5s/ThTsKd/Ac/3c:110|-110:Bob|Alice
STATE:108:cc/crf:4hJc|5s6h/9d3dQc:-10|10:Alice|Bob
STATE:109:rrrc/rrrc/rc/cc:2d5d|4s4c/5s3d7d/Ad/As:90|-90:Bob|Alice
STATE:110:cc/cc/rrc/crc:8c7c|3d2h/Qs7dTc/Th/2d:70|-70:Alice|Bob
STATE:111:cc/cc/rrc/rc:AcQc|5sKh/As8sKs/6c/Ts:-70|70:Bob|Alice
STATE:112:rc/rc/cc/rrrc:8d9s|9d7h/2hJh6h/5c/As:90|-90:Alice|Bob
STATE:113:crc/rrrc/rc/rf:Ad6s|3c6h/7dTd4h/9s/4d:70|-70:Bob|Alice
STATE:114:rrc/rc/rrrc/crrc:9sKc|3sAs/4s5d8d/5h/8s:-140|140:Alice|Bob
STATE:115:rrrf:3d2s|9cKh:-30|30:Bob|Alice
STATE:116:rc/cc/cc/rc:Jc6h|9s9h/3hAdAs/Ac/7d:-40|40:Alice|Bob
STATE:117:rc/crc/rrc/rrrrc:AhTd|6c3c/5hJcAd/4c/6d:150|-150:Bob|Alice
STATE:118:rc/rrrrc/rc/crrrrc:Js8d|Jc6c/6s9d6h/2s/3h:-160|160:Alice|Bob
STATE:119:rc/cc/rf:Tc7s|Ac7d/Ad3d5s/9h:20|-20:Bob|Alice
STATE:120:rc/cc/rc/cc:Td6s|6cJs/8hJdAh/8c/9h:-40|40:Alice|Bob
STATE:121:crc/rrc/cc/rc:5cTs|4d7c/3hTdKs/7h/9d:60|-60:Bob|Alice
STATE:122:rrc/crrrc/rc/cc:2c2h|Ah7h/4hTs5d/Jc/Qs:80|-80:Alice|Bob
STATE:123:rc/crrc/crc/rrf:9c5d|KhAh/Qh4c4s/Qc/2d:-80|80:Bob|Alice
STATE:124:crrrc/cc/rc/rrrrc:Qh6c|9s5d/8d8sJd/Kd/8h:140|-140:Alice|Bob
STATE:125:rc/crc/rrrc/cc:Tc6c|8c6d/Ts4cAs/4h/5h:90|-90:Bob|Alice
STATE:126:f:As9d|3d9c:5|-5:Alice|Bob
STATE:127:cc/crrrrc/crrf:QcKd|3d9c/KhJdQd/7c:70|-70:Bob|Alice
STATE:128:rc/rrc/cc/rc:Kc8d|2cKd/6c5dTh/4c/5s:60|-60:Alice|Bob
STATE:129:rrrc/crc/rc/rrc:As5d|4hQs/8sKh6c/Jh/4c:-110|110:Bob|Alice
STATE:130:crc/crf:7s8d|Ad3s/4c2hJc:-20|20:Alice|Bob
STATE:131:crc/rrc/cc/cc:2hJh|JdKs/3c5hKh/Tc/9c:-40|40:Bob|Alice
STATE:132:f:9d2c|Qh8d:5|-5:Alice|Bob
STATE:133:crc/cc/crrc/crc:9dJc|6dJh/6c7c9c/Qd/Ks:80|-80:Bob|Alice
STATE:134:rrc/rrrc/rc/rf:Tc8c|5d9h/AhTs7h/8h/Kd:80|-80:Alice|Bob
STATE:135:cc/rc/rc/rrc:9d2s|6c8c/5c6sJd/Th/Ah:-80|80:Bob|Alice
STATE:136:crrc/cc/rrc/rc:2d3d|5sQh/3c4c2c/8h/Ks:90|-90:Alice|Bob
STATE:137:crc/cc/cc/rc:3d5h|QsTd/6hQh5s/2c/Tc:-40|40:Bob|Alice
STATE:138:cc/rc/cc/crc:TsQd|5hTd/3c5dJd/5s/2s:-40|40:Alice|Bob
STATE:139:cc/rrrrc/rc/rc:3c5d|5c7s/Jc8c8h/4h/9c:-90|90:Bob|Alice
STATE:140:crrc/crrrc/rrrrc/rc:6s4s|2dKd/5d2h5h/3s/Qs:160|-160:Alice|Bob
STATE:141:rrc/cc/rrc/rc:Ah7c|QsJc/2dTd8d/3c/9c:-90|90:Bob|Alice
STATE:142:cc/crc/cc/rc:5c2s|Qc7c/TsAs3s/6d/6h:-40|40:Alice|Bob
STATE:143:cc/crc/crrrrc/cc:5c8s|Js6s/TcTh3h/9d/4c:-100|100:Bob|Alice
STATE:144:rc/cc/rc/rc:Qh6s|AdKs/9dJd2s/Ah/Qd:-60|60:Alice|Bob
STATE:145:cc/rc/cc/cc:2c9s|Jh2s/4cJs6s/9d/Kh:-20|20:Bob|Alice
STATE:146:crc/crc/crc/cc:5d6c|7d6d/5cKd6s/3c/2c:50|-50:Alice|Bob
STATE:147:crrrf:AdKh|6h5s:30|-30:Bob|Alice
STATE:148:f:2d5d|Kc6d:5|-5:Alice|Bob
STATE:149:cc/rrrc/crrc/rc:As9d|5c3h/3c7cQd/Ac/Jh:100|-100:Bob|Alice
STATE:150:rc/rrrc/rrrc/rrc:Td5d|AsJs/8s3dKc/5s/9h:150|-150:Alice|Bob
STATE:151:crrrc/crrf:KsKh|2c5h/2hJh5d:50|-50:Bob|Alice
STATE:152:rc/rc/cc/cc:JcQd|7c3s/9c5h7s/3h/Js:-30|30:Alice|Bob
STATE:153:f:2s3s|Qs8c:5|-5:Bob|Alice
STATE:154:rrc/crrf:5h5d|4d2s/5s6sQh:40|-40:Alice|Bob
STATE:155:rrc/rc/rrc/cc:TcAd|Qs7d/8c9c5h/Kc/7s:-80|80:Bob|Alice
STATE:156:cc/crf:4c7h|4s9d/Jh5h8d:-10|10:Alice|Bob
STATE:157:cc/cc/rf:5c3s|Jc4s/4h8d6d/4c:10|-10:Bob|Alice
STATE:158:cc/crc/cc/rrrc:5h6s|Kc6c/2c8h9s/5d/Kd:-80|80:Alice|Bob
STATE:159:rrc/rc/rc/rc:Ah8d|9s7h/5c7s3h/6d/4d:80|-80:Bob|Alice
STATE:160:rrrc/rrf:3d3s|7cTs/2h2sKs:-50|50:Alice|Bob
STATE:161:cc/rc/crrrrc/cc:Qh4c|6dAc/KcQs4d/3h/9h:100|-100:Bob|Alice
STATE:162:rrf:4cQd|Td4h:20|-20:Alice|Bob
STATE:163:cc/crc/rrc/rrrrc:2c8s|8cJc/Th5c9h/Qs/7h:-140|140:Bob|Alice
STATE:164:cc/rrc/rrrc/rrc:Qc6d|3h5s/7hAs8d/Kc/Jc:130|-130:Alice|Bob
STATE:165:cc/rrrrc/crrc/rc:9dJs|Qh3d/Jc3h8h/5h/8c:110|-110:Bob|Alice
STATE:166:rrc/rc/rrf:8dKd|Ac9h/Th2c6d/4d:-60|60:Alice|Bob
STATE:167:rrrc/rc/rc/cc:KsTd|7s2d/4d8h8d/4s/9s:70|-70:Bob|Alice
STATE:168:cc/rrc/rc/cc:AdQd|3d3c/2dAh4c/Qs/Tc:50|-50:Alice|Bob
STATE:169:cc/rrf:8d6c|Tc3s/7c3h7s:-20|20:Bob|Alice
STATE:170:rf:7h6c|AdKc:-10|10:Alice|Bob
STATE:171:rc/rc/rc/rrc:Ac7s|Td6c/2s7hAs/5d/Qc:90|-90:Bob|Alice
STATE:172:rc/rrrc/rc/crc:Kd5c|TsJh/6c5h3s/9s/4h:90|-90:Alice|Bob
STATE:173:rrrc/crrrrf:Th5d|Js4h/Kd7sTc:70|-70:Bob|Alice
STATE:174:rc/rc/cc/rc:2d4h|Jd6s/7s3h4d/Ts/2s:50|-50:Alice|Bob
STATE:175:cc/crc/rrrrc/crc:5cJc|2c2h/5s8h4s/Kh/Ks:120|-120:Bob|Alice
STATE:176:cc/crc/crrrrc/rc:8c4s|TsKd/3h6s6d/8s/5h:120|-120:Alice|Bob
STATE:177:rrrc/rc/rc/crrf:8hTs|2d3c/AdAc4h/4c/Js:90|-90:Bob|Alice
STATE:178:rc/rc/cc/crrc:8hAh|Kh3s/2hKs2c/Qd/7d:-70|70:Alice|Bob
STATE:179:f:9h2c|4dQh:5|-5:Bob|Alice
STATE:180:f:9d4d|6h7s:5|-5:Alice|Bob
STATE:181:cc/cc/rc/rrrrf:7cQc|6s6d/JhKs7h/9s/8s:-90|90:Bob|Alice
STATE:182:rc/rrrf:6cTs|Jh4d/7h9sQc:40|-40:Alice|Bob
STATE:183:cc/rc/rc/rrc:7c6d|TsJs/3sAh9c/3c/4d:-80|80:Bob|Alice
STATE:184:crc/rrc/cc/crrrc:8hQc|5s3s/KcKsTc/8s/Qh:100|-100:Alice|Bob
STATE:185:cc/rrrrc/rc/rc:Td6h|7c7h/Ts6cQd/4h/2c:90|-90:Bob|Alice
STATE:186:rrc/rc/cc/rc:8c5c|Jc9c/TdAh9s/Qh/Kd:-60|60:Alice|Bob
STATE:187:crc/rc/cc/cc:QhJh|5h8s/Kh8d9c/9s/As:-30|30:Bob|Alice
STATE:188:rc/cc/rc/crrrc:Qs7c|As2h/6d6cJh/Tc/Js:-100|100:Alice|Bob
STATE:189:cc/rf:Ac7h|8c6h/AhQh9d:10|-10:Bob|Alice
STATE:190:cc/crc/cc/rrc:Ks6h|8dJs/8sKd5d/5s/5h:60|-60:Alice|Bob
STATE:191:rc/crrrc/rrrrc/crf:9c4d|5cQs/6dQcQd/4s/Ks:-130|130:Bob|Alice
STATE:192:crrc/rc/cc/crrrrc:Qh7h|JhTh/2hQc9c/9h/6d:120|-120:Alice|Bob
STATE:193:crrf:KhKd|4h2s:-20|20:Bob|Alice
STATE:194:rc/crrc/crrc/cc:6dTs|2dJd/7d5hJs/5s/Qh:-80|80:Alice|Bob
STATE:195:crrc/crrrc/crrc/rc:Jd9c|6sQh/3c8d8s/4d/5h:-120|120:Bob|Alice
STATE:196:cc/cc/cc/rc:JsKs|6h8h/5s2s2h/4s/Ah:30|-30:Alice|Bob
STATE:197:crf:Ks9h|Qd3s:10|-10:Bob|Alice
STATE:198:rrc/rrc/crrrc/cc:5h9c|5cTc/7d4c4d/Ks/2h:-110|110:Alice|Bob
STATE:199:rc/rrrrc/rrrrc/cc:6h9h|4d7s/JhThTd/8c/Kc:140|-140:Bob|Alice
STATE:200:rc/rrc/rc/rc:7s3s|7c4h/ThQs4s/8h/Tc:-80|80:Alice|Bob
STATE:201:rc/rc/cc/rc:3dKd|9d2c/2hKhAd/6d/Js:50|-50:Bob|Alice
STATE:202:crc/crrrrc/rrrrf:9c7s|2d9s/3d4sJd/Kc:-120|120:Alice|Bob
STATE:203:rrc/rc/cc/crrrc:9c6d|8s2d/AsAcQs/3h/2h:-100|100:Bob|Alice
STATE:204:crc/cc/cc/cc:2s5h|Tc3d/7s8sTh/Kc/Js:-20|20:Alice|Bob
STATE:205:f:Ts7c|Th7s:5|-5:Bob|Alice
STATE:206:f:ThAs|Js4s:5|-5:Alice|Bob
STATE:207:rrc/cc/crrrrc/rc:2sQs|KcJd/4c6c3h/2d/4s:130|-130:Bob|Alice
STATE:208:cc/rrrc/rc/rrc:AcAh|9s9c/Ad8c3c/Qs/6h:100|-100:Alice|Bob
STATE:209:rc/crrrrc/rrc/rrc:Js5c|2sTd/As2h3d/Kh/Ad:-140|140:Bob|Alice
STATE:210:rc/rrc/rc/rc:Qc6s|Js5h/4s4h8d/6h/5c:80|-80:Alice|Bob
STATE:211:rrc/rrrc/rf:TdKs|2dAh/Qh4h9s/Qs:60|-60:Bob|Alice
STATE:212:rc/rrc/crc/rrrf:Tc8c|9c6h/8sAc9d/7d/Ks:100|-100:Alice|Bob
STATE:213:rc/rc/cc/rc:3c6h|Jc7d/8d9d6c/3d/Kd:-50|50:Bob|Alice
STATE:214:rc/rc/crrc/rf:2c6d|Kc8s/7c4d9d/4h/Ad:70|-70:Alice|Bob
STATE:215:rrc/rc/crc/crc:2s3s|Td9d/7sJd9h/Tc/Qh:-80|80:Bob|Alice
STATE:216:cc/rrrrc/crc/rc:7d2h|9sQh/TsTd4s/Qs/5s:-90|90:Alice|Bob
STATE:217:rc/crf:AhKs|Th8d/JsAs4s:-20|20:Bob|Alice
STATE:218:rc/cc/cc/cc:6s6c|Kd8d/2c7hJh/As/6h:20|-20:Alice|Bob
STATE:219:crrrc/rrc/rrrrc/rrc:4sKc|4hAh/5s2d8s/5d/Kd:180|-180:Bob|Alice
STATE:220:cc/cc/rc/rrrrc:Th7h|7c5d/4s3sJd/7d/5s:-110|110:Alice|Bob
STATE:221:rc/cc/cc/rrrrc:6sTs|7h9s/6c7cQs/Th/4s:100|-100:Bob|Alice
STATE:222:rrc/rc/rc/rrrc:2d8h|Kc2s/8c3d9s/Ks/6c:-120|120:Alice|Bob
STATE:223:crc/crrc/crrrc/crrf:Tc3c|Kc7h/7dAd3h/Jd/Qd:120|-120:Bob|Alice
STATE:224:rrrc/rrrc/crc/rrrc:3h3s|Ts2d/Jh5c9d/3c/8h:150|-150:Alice|Bob
STATE:225:rc/crc/rrc/cc:2d4h|6d7d/TsQhQd/Ad/3s:-70|70:Bob|Alice
STATE:226:rf:AsKc|2cTs:-10|10:Alice|Bob
STATE:227:rrc/rc/rrc/rrrrc:6s7d|9s3c/5sQhTd/4c/2c:-160|160:Bob|Alice
STATE:228:rrc/crrc/crc/crrrrc:Ac3s|5h2d/Jc7dQs/9d/4s:150|-150:Alice|Bob
STATE:229:rc/crc/cc/rc:JsJh|Kh6h/As6d3c/Qc/Ac:50|-50:Bob|Alice
STATE:230:cc/rc/crc/cc:2c9c|4d9d/6h6d3s/As/4h:-40|40:Alice|Bob
STATE:231:rrrc/crrc/rrc/crrc:2h2d|3h6s/7c4hTc/3d/Ad:-140|140:Bob|Alice
STATE:232:cc/rc/rc/cc:6c9s|JsTs/9c7cKd/Tc/2c:40|-40:Alice|Bob
STATE:233:cc/rrrf:Qs5h|TcKc/Jh9c2s:30|-30:Bob|Alice
STATE:234:rc/rrrc/rrc/crrrc:Td6s|AdTc/8c4hKc/3c/3h:-150|150:Alice|Bob
STATE:235:rc/crrc/rrrc/rc:5s8c|6d4c/4d6c3d/7d/2s:120|-120:Bob|Alice
STATE:236:rrrc/rc/rc/rc:8d5s|3s2d/3dAc6h/Tc/9s:-90|90:Alice|Bob
STATE:237:crrc/rrrrf:8h6c|KhAh/QsTd2h:-60|60:Bob|Alice
STATE:238:rc/crc/rrc/rrc:Js3s|6d8h/Kd2s3c/Qc/4d:110|-110:Alice|Bob
STATE:239:crrrc/rrrc/cc/crc:9sQd|8s6h/JdAs5c/3d/Js:90|-90:Bob|Alice
STATE:240:rc/crc/rc/rc:7c4s|Kh2d/AhQdQs/3d/9c:-70|70:Alice|Bob
STATE:241:crc/crc/rrf:6d6c|3c7h/3s4h5c/9c:-50|50:Bob|Alice
STATE:242:f:3d8d|JdAd:5|-5:Alice|Bob
STATE:243:rrc/rc/crc/crrrrc:3s3h|9h8c/TsJcTh/Qd/4h:-140|140:Bob|Alice
STATE:244:crrrc/cc/rc/rrc:8d7d|Ah9d/JcTd9h/Ks/3s:100|-100:Alice|Bob
STATE:245:cc/rrrrc/crrc/rrrc:QcQs|7dQh/8h9d5d/Js/6d:-150|150:Bob|Alice
STATE:246:rrrc/cc/rc/rrc:KdJc|QdQs/6dJhAd/4c/Tc:-100|100:Alice|Bob
STATE:247:cc/crc/rf:QsAd|2h7s/ThJdJs/2s:20|-20:Bob|Alice
STATE:248:rrrc/rrc/rc/crrrrc:Tc5d|4dKs/4cTsJc/3d/9c:160|-160:Alice|Bob
STATE:249:f:7c2d|Ks5s:5|-5:Bob|Alice
STATE:250:crrf:7h2c|Qd5h:-20|20:Alice|Bob
STATE:251:rrc/crrc/rc/rrf:Jh4c|AcTs/3d3c2d/9d/5d:-90|90:Bob|Alice
STATE:252:rc/crf:3c3s|Qh5h/JhKhQc:-20|20:Alice|Bob
STATE:253:rrc/crrrrf:5s4s|KdTc/7s5c6h:60|-60:Bob|Alice
STATE:254:f:2s5s|6h7c:5|-5:Alice|Bob
STATE:255:rrf:8hAd|5c8s:20|-20:Bob|Alice
STATE:256:rc/rrc/crc/rc:7dJd|6s5d/Kh5s4s/Jc/2d:80|-80:Alice|Bob
STATE:257:cc/rrc/crf:9hJs|5c8d/Jh6d3c/4d:-30|30:Bob|Alice
STATE:258:cc/cc/cc/crc:6dAd|6h7s/4dTs4h/3h/Kh:30|-30:Alice|Bob
STATE:259:crrc/rc/crc/rc:JhTc|9c4s/Qd3sTh/4c/7h:80|-80:Bob|Alice
STATE:260:rrc/crc/crc/cc:7h8s|5cJh/6h4d3h/Kh/7d:-60|60:Alice|Bob
STATE:261:crc/cc/crc/rrrrf:JhKc|9c7s/3h7d9s/7c/4h:-100|100:Bob|Alice
STATE:262:cc/crrc/crrrrc/crrrrc:8s7s|4cKc/4dKs2d/9h/5h:-190|190:Alice|Bob
STATE:263:rrrc/rrrc/rc/rrrc:9d2s|5sQh/KsTh9s/2c/3h:150|-150:Bob|Alice
STATE:264:cc/cc/crrc/crc:Jd2d|4dKc/7cKd2h/9c/4s:-70|70:Alice|Bob
STATE:265:rc/rf:QhKh|9s6s/3sJcKs:20|-20:Bob|Alice
STATE:266:rrrf:7sTs|9d2h:-30|30:Alice|Bob
STATE:267:cc/rrc/rrc/rc:3cTd|6dQc/5h2s3s/Ah/Js:90|-90:Bob|Alice
STATE:268:cc/rc/cc/cc:5c4s|9h4d/2dQsQd/9s/5s:-20|20:Alice|Bob
STATE:269:crrrc/crc/rrrc/rc:3d7s|2d9h/TcQhTs/Js/5s:-130|130:Bob|Alice
STATE:270:rrrc/cc/rf:9s8h|AsTh/TcQcAc/5h:40|-40:Alice|Bob
STATE:271:cc/rrrc/rrc/cc:JcJh|Th4d/5sTs8s/Kh/Jd:80|-80:Bob|Alice
STATE:272:rc/crrc/rc/crf:3s8h|Td5d/5s8sKh/7s/2s:-60|60:Alice|Bob
STATE:273:crrc/crc/crc/rrrc:7dQh|9dQd/Qc6sKh/Ad/2s:-120|120:Bob|Alice
STATE:274:crc/rrc/rrc/rc:9dKh|Tc2h/8d2dKs/As/8c:100|-100:Alice|Bob
STATE:275:crrrc/crc/rc/rc:As9d|Ad5s/Ac7cQc/5d/Ts:-90|90:Bob|Alice
STATE:276:cc/crrc/rc/cc:3c2c|ThAc/Tc7sKc/Js/8s:-50|50:Alice|Bob
STATE:277:crc/crrrc/crrc/rrc:Ts7h|Td3s/8cThAh/8d/3h:0|0:Bob|Alice
STATE:278:rc/crc/cc/rrc:Jd5d|3c5s/7d4h6s/Ks/9h:-70|70:Alice|Bob
STATE:279:crrrc/rc/rc/crrc:Kh3h|TsQc/Kd8s6s/4s/7d:110|-110:Bob|Alice
STATE:280:cc/crrrrc/rrrc/crc:4h7h|8sQc/8hQdJd/3h/6c:-130|130:Alice|Bob
STATE:281:rrc/rrc/cc/rc:8sQs|4h6d/7sQhAh/Ts/Th:70|-70:Bob|Alice
STATE:282:crc/rc/cc/rf:As3s|Ks5h/2s5dJh/9s/6h:30|-30:Alice|Bob
STATE:283:f:Js7c|9d3s:5|-5:Bob|Alice
STATE:284:crc/cc/cc/rrc:AhTc|7s2d/7d9hQs/3d/As:60|-60:Alice|Bob
STATE:285:cc/rc/rrrrc/crc:8h3d|6cQh/AsQdAh/8c/5d:-120|120:Bob|Alice
STATE:286:crrrc/rrc/rc/rc:Qs6d|8s5c/Ad3d8c/7h/Qc:100|-100:Alice|Bob
STATE:287:cc/crc/rc/rrf:6c6d|8c8s/5dAhQc/3d/2s:-60|60:Bob|Alice
STATE:288:cc/crc/cc/cc:Ah9h|7c5c/6hKsQs/6c/2h:20|-20:Alice|Bob
STATE:289:crf:Ac3c|TcKh:10|-10:Bob|Alice
STATE:290:rc/rc/rc/rrrc:Td5d|6s4d/5s7dQd/Jd/7h:110|-110:Alice|Bob
STATE:291:crc/rrc/rrrrc/rc:9c7c|7s4s/QcJh9s/6s/Qs:-140|140:Bob|Alice
STATE:292:rc/rrc/rc/crrrc:8hQh|3c9h/AhTd4d/Th/7c:120|-120:Alice|Bob
STATE:293:rrc/rrc/rc/rrc:2d7c|8hKs/5c9cKc/6c/5s:110|-110:Bob|Alice
STATE:294:cc/rc/cc/rrrc:5c3h|6cQc/2s8s8h/Js/Kh:-80|80:Alice|Bob
STATE:295:rrf:Ac2d|Td4d:20|-20:Bob|Alice
STATE:296:f:3sQd|2cQs:5|-5:Alice|Bob
STATE:297:rc/cc/cc/cc:8c8h|QhQc/KhTsTd/2c/5h:-20|20:Bob|Alice
STATE:298:rc/rrc/rc/rc:9c7c|7s6d/TsTdQc/Qh/7d:80|-80:Alice|Bob
STATE:299:cc/rrrrc/cc/crrrrc:7sKc|2dAd/Jd5dKh/3c/Ks:130|-130:Bob|Alice
STATE:300:rrc/rc/rc/cc:2cQc|KhJd/AsJsTc/Td/Qs:-60|60:Alice|Bob
STATE:301:cc/crrc/rc/crrrrf:5dKd|Qc6h/3s9sJh/Tc/7d:110|-110:Bob|Alice
STATE:302:cc/crc/crc/rc:3sQc|9c6h/2h7dKd/6s/7c:-60|60:Alice|Bob
STATE:303:rc/cc/rc/rrrrc:As7c|5hKc/3dTh8s/7d/Ks:-120|120:Bob|Alice
STATE:304:cc/cc/crc/rrc:Js7c|2h6d/4s9c8d/Kc/7h:70|-70:Alice|Bob
STATE:305:cc/crrf:8h6d|2sAs/AdQcQd:20|-20:Bob|Alice
STATE:306:rrc/cc/rrc/crrrrc:JcKs|7s5d/9d3cQh/Jd/4s:150|-150:Alice|Bob
STATE:307:rf:Js4s|2d7c:-10|10:Bob|Alice
STATE:308:crc/rc/rrc/cc:Th2h|Ac5d/Qs8cKh/Ad/9c:-70|70:Alice|Bob
STATE:309:cc/crf:7hKh|5sQc/TsKs6c:-10|10:Bob|Alice
STATE:310:rc/rc/cc/rrc:2h2c|5d6c/Kh7h6d/Ac/Td:-70|70:Alice|Bob
STATE:311:crrc/rc/cc/rc:6cAd|QsJh/Kh7hKd/As/8d:60|-60:Bob|Alice
STATE:312:crrc/rc/crrc/rrc:7h8d|JsKc/7cJhTh/3c/Ah:-120|120:Alice|Bob
STATE:313:crrrc/crc/cc/cc:6dQh|3hQd/3d9h7s/8s/5c:50|-50:Bob|Alice
STATE:314:rrc/rc/crrc/rrrc:5d6c|TcAc/7s9s9h/4c/3d:140|-140:Alice|Bob
STATE:315:cc/crc/rrc/cc:2c5d|Qs9c/Th4sJh/Jc/8d:-60|60:Bob|Alice
STATE:316:cc/crc/rrrf:Qs2d|3s9d/Kh5c2c/Qd:60|-60:Alice|Bob
STATE:317:rrrc/cc/rc/crc:3h9c|2c4c/3cJh9s/6s/Ad:80|-80:Bob|Alice
STATE:318:crrrc/rrrc/crrrc/crrrf:ThJh|Qc6c/Jc2c4h/7h/Kc:-170|170:Alice|Bob
STATE:319:rc/cc/crrc/cc:QdKd|9s8h/6hKc5s/3c/6c:60|-60:Bob|Alice
STATE:320:rf:5d3h|8cQc:-10|10:Alice|Bob
STATE:321:cc/rrf:Td9d|7s4h/3h2hJs:-20|20:Bob|Alice
STATE:322:cc/cc/crc/rc:Js6c|Kh7d/6sAsQh/7s/7c:-50|50:Alice|Bob
STATE:323:crrrc/rrc/rc/rrrc:Kc8c|7s9c/Js8h3h/Kd/Jc:140|-140:Bob|Alice
STATE:324:crc/rc/crrrrc/rrrc:Qd7h|Qs4s/Ts4dJd/9h/5h:-170|170:Alice|Bob
STATE:325:crf:Jh7d|2d9d:10|-10:Bob|Alice
STATE:326:rrrf:3h5h|2c4d:-30|30:Alice|Bob
STATE:327:cc/rrc/rrf:KhQc|QhAh/3c5d7d/Jd:-50|50:Bob|Alice
STATE:328:rc/crrrc/crf:2h8h|QhAs/Kd8c5d/7s:-50|50:Alice|Bob
STATE:329:rc/cc/crc/rc:AsTd|Tc3c/TsJhAd/Qh/Kh:0|0:Bob|Alice
STATE:330:rrrc/rrc/crrrrc/cc:AsQd|7c3s/8d7h6c/3h/Qs:-140|140:Alice|Bob
STATE:331:rc/rrf:8cAc|As3h/9c4s5c:-30|30:Bob|Alice
STATE:332:crrc/cc/rrc/rrrc:Js4h|6h7d/2s8h3h/8c/Kc:130|-130:Alice|Bob
STATE:333:crc/rrf:8cKh|3h9s/6d9h4h:-30|30:Bob|Alice
STATE:334:crrc/cc/rc/cc:Td4h|8c8h/7d5dJd/Kh/5s:-50|50:Alice|Bob
STATE:335:cc/crrrrc/rrc/crrc:7h3d|JsAh/9dQsAc/Jd/Kc:-130|130:Bob|Alice
STATE:336:rc/cc/cc/cc:Td6s|8cQs/9s2cQd/Ah/3h:-20|20:Alice|Bob
STATE:337:cc/rc/rc/cc:AdKc|Ah7d/Kd6h2d/6c/5d:40|-40:Bob|Alice
STATE:338:rrc/cc/cc/rrrrc:7dKc|6c3s/7s8d6h/9s/5s:0|0:Alice|Bob
STATE:339:cc/rrf:3d4d|9d4c/9h7d8s:-20|20:Bob|Alice
STATE:340:rrc/rrrc/rrc/cc:7hJc|4c2d/TcKh8s/Th/9s:100|-100:Alice|Bob
STATE:341:f:7dQh|8s9s:5|-5:Bob|Alice
STATE:342:f:5d3d|7cJs:5|-5:Alice|Bob
STATE:343:rc/crrc/cc/crrc:4cKd|4h7c/7hQdKh/9h/4s:80|-80:Bob|Alice
STATE:344:crf:3sJh|9cTs:10|-10:Alice|Bob
STATE:345:rrc/rc/cc/rc:8dTh|Td7h/3cJc5c/6h/Qh:60|-60:Bob|Alice
STATE:346:f:Td4c|JdQc:5|-5:Alice|Bob
STATE:347:f:6s3c|JdQc:5|-5:Bob|Alice
STATE:348:rrc/rc/cc/rc:5hKc|3c8d/2h6c2s/Kd/Td:60|-60:Alice|Bob
STATE:349:rrc/crc/rc/crrrc:Ts8d|AdTd/6c6s9h/6h/Ah:-120|120:Bob|Alice
STATE:350:cc/rrrrc/rrrc/cc:QcJs|Ks4h/2s3hKc/3d/9c:-110|110:Alice|Bob
STATE:351:crf:Jd2c|Td6s:10|-10:Bob|Alice
STATE:352:cc/crc/cc/rc:3h6s|5sAc/8hAs2d/Js/Qh:-40|40:Alice|Bob
STATE:353:rc/cc/rrrc/rrc:8s6h|4hTc/4s6d5h/4c/2s:-120|120:Bob|Alice
STATE:354:crrc/rc/rc/rrc:As8s|2s2d/5s3sJd/8c/Qs:100|-100:Alice|Bob
STATE:355:crc/rrrrc/crc/cc:8c9s|Jh9h/3hQh2c/Td/Kc:-80|80:Bob|Alice
STATE:356:crc/rrrrc/rrc/crrc:7c5d|2dJd/6cKdTc/8c/6d:-140|140:Alice|Bob
STATE:357:crrrc/cc/cc/crc:5h4c|4s3d/4d3c3s/Kd/6c:-60|60:Bob|Alice
STATE:358:rc/cc/rrc/rc:Js4c|Jh7c/JcQs6h/6d/3s:0|0:Alice|Bob
STATE:359:cc/rc/cc/cc:7d5s|6c9h/Kh7c3c/5c/9s:20|-20:Bob|Alice
STATE:360:rc/cc/rrc/cc:JdJs|9c3c/5sQc2d/7d/4c:60|-60:Alice|Bob
STATE:361:rrrc/crrf:8cJc|Kd7s/6dAdAs:50|-50:Bob|Alice
STATE:362:cc/crc/cc/rc:KsAh|7s8s/TsJc9h/3d/7c:-40|40:Alice|Bob
STATE:363:cc/crrrc/crc/rrrrc:Td2h|9d3h/5cJsAh/Tc/9c:140|-140:Bob|Alice
STATE:364:cc/rrc/rrc/rrrf:QdTh|9dAd/Ks7d5d/4d/5s:110|-110:Alice|Bob
STATE:365:cc/crrf:TcJd|6d2c/3c8sAc:20|-20:Bob|Alice
STATE:366:cc/crrc/crrrc/cc:6d2h|2c5d/Qs8h6s/7h/2s:90|-90:Alice|Bob
STATE:367:rc/rc/rc/rrc:3h8c|9s8s/3dKd6s/Kc/2s:90|-90:Bob|Alice
STATE:368:crrrc/crrrrc/cc/rrc:6d3d|TdQh/4h9cJh/Ac/4d:-120|120:Alice|Bob
STATE:369:cc/rrc/rc/rrc:2sKd|4dJd/Qd2d6s/6c/Tc:90|-90:Bob|Alice
STATE:370:rrrc/crrrrc/cc/crrrc:9dTh|7dJc/2s4c9s/4d/As:140|-140:Alice|Bob
STATE:371:rf:6h9c|9d8c:-10|10:Bob|Alice
STATE:372:cc/rf:6dJc|Ah8d/8c9h3s:10|-10:Alice|Bob
STATE:373:rrrc/rc/rc/cc:Qs2c|7cTc/6hKsKh/9s/Td:-70|70:Bob|Alice
STATE:374:crc/rc/cc/crc:As7h|8dAh/6dThTc/Jc/Qc:0|0:Alice|Bob
STATE:375:rrrc/rc/crc/rrc:6s6d|Ts7c/Tc3hKd/5d/7d:-110|110:Bob|Alice
STATE:376:crrrc/crrrrc/crc/rrrf:9s8c|Ac6s/7s8sQc/3d/5c:140|-140:Alice|Bob
STATE:377:rrrc/rrc/cc/rc:9hTd|Ts8c/2d5c7d/9s/Th:80|-80:Bob|Alice
STATE:378:cc/cc/rrc/crc:8hQh|4h5c/2s3d5h/Ts/Kh:-70|70:Alice|Bob
STATE:379:cc/rc/cc/cc:9s8c|Js9c/Kd9hJd/Ad/6h:-20|20:Bob|Alice
STATE:380:rrc/crrrrc/rc/crrc:5d8d|Kh5h/5sTsAc/As/2d:-130|130:Alice|Bob
STATE:381:rrc/cc/rrc/rc:7c7d|KsQh/QsJs7h/Kc/As:90|-90:Bob|Alice
STATE:382:cc/rrrc/cc/rc:JdJc|6s9s/KcTh3c/7c/7d:60|-60:Alice|Bob
STATE:383:cc/rrrrf:8d5c|5h5d/8h2h4h:-40|40:Bob|Alice
STATE:384:crrc/crc/rc/cc:8c4c|8hAh/5c4d8d/6s/2s:60|-60:Alice|Bob
STATE:385:rc/rc/rf:3h2c|9sAs/Td4sKh/8d:30|-30:Bob|Alice
STATE:386:rc/crrc/rrrrc/cc:2c9h|3hQs/8cAhTh/7s/7d:-120|120:Alice|Bob
STATE:387:cc/crrc/rrc/cc:Jc9h|3h6h/5hTs8c/Ac/Tc:70|-70:Bob|Alice
STATE:388:rc/crc/rrrc/crc:Th4h|5s7d/Ts6dKh/6s/5c:110|-110:Alice|Bob
STATE:389:crc/rrrrc/cc/rrc:9sJh|2h2c/6h3dAh/Td/5h:-100|100:Bob|Alice
STATE:390:cc/rc/rrc/rc:8h2s|2hKs/7hQhAh/7s/Qd:0|0:Alice|Bob
STATE:391:rc/cc/cc/crrc:5s7c|3s2h/Ac5h4h/Jd/Td:-60|60:Bob|Alice
STATE:392:cc/cc/crc/rc:Td8c|9s7d/7cAh9h/Ts/8h:50|-50:Alice|Bob
STATE:393:cc/cc/cc/cc:7cJc|8c8d/3sTdQc/6d/Ts:-10|10:Bob|Alice
STATE:394:cc/crc/rf:6h7s|8h6d/4hJs3h/Jc:20|-20:Alice|Bob
STATE:395:cc/rrc/rrc/rrc:Jc3s|8h9s/Ac6cJh/7h/Qh:110|-110:Bob|Alice
STATE:396:rrrf:3hJs|Kh2d:-30|30:Alice|Bob
STATE:397:rrrc/crrrf:KsTs|Qh5d/Kc6h8c:-60|60:Bob|Alice
STATE:398:rc/cc/cc/rrc:8cJd|4c4d/QcAc2s/Ks/6c:-60|60:Alice|Bob
STATE:399:cc/crf:4s7d|5d5s/9h8h9s:-10|10:Bob|Alice
STATE:400:cc/rrrrc/rrrc/rc:3hAc|AhKd/Jd7s2d/Js/Qs:-130|130:Alice|Bob
STATE:401:cc/rrrrc/rc/rrc:7cQs|JcKd/4hJd4d/4s/5c:-110|110:Bob|Alice
STATE:402:rrc/rrf:Qh3c|Js5s/6d9hKd:-40|40:Alice|Bob
STATE:403:crrrc/cc/cc/cc:Ks6h|Qh8d/JsKhTd/As/5h:-40|40:Bob|Alice
STATE:404:cc/cc/crrrrc/crrc:Qc5c|9sKh/Ah5h2d/Kd/3c:-130|130:Alice|Bob
STATE:405:cc/rc/cc/cc:2h4d|8s8c/5cQs3c/3d/Kc:-20|20:Bob|Alice
STATE:406:rc/crrc/crc/cc:3h9c|4d7h/Jc4c6s/Qs/8h:-60|60:Alice|Bob
STATE:407:rc/rc/rc/rc:3d8h|4sAh/TdQs4c/Ac/7d:-70|70:Bob|Alice
STATE:408:rf:Td9s|9c7d:-10|10:Alice|Bob
STATE:409:cc/rc/rrrc/rrrc:7s2h|9sKd/6s3h8d/2d/Ah:140|-140:Bob|Alice
STATE:410:rrrc/crrc/rc/crrc:2d6c|Jc7s/9h9dKd/6s/3d:120|-120:Alice|Bob
STATE:411:cc/cc/rc/rrc:8c4h|9h7d/AcQcKd/5s/5d:0|0:Bob|Alice
STATE:412:rrc/crc/crrrc/crrrc:3d5d|Kd2h/9d5cQd/Ac/Qs:160|-160:Alice|Bob
STATE:413:cc/cc/cc/rc:6d6c|4s2c/2s7hQc/Kh/7c:30|-30:Bob|Alice
STATE:414:cc/cc/rrc/crrrrf:5sQs|4s2c/6sKsAh/Ad/9h:110|-110:Alice|Bob
STATE:415:rrrc/rf:Jd4s|8s2c/3s4c5c:40|-40:Bob|Alice
STATE:416:rrf:AsJs|3h5h:20|-20:Alice|Bob
STATE:417:rrrc/rc/rrc/rrrc:Qd7s|Kc2d/Ac4d9s/9c/Qc:150|-150:Bob|Alice
STATE:418:rf:8hQd|3c6h:-10|10:Alice|Bob
STATE:419:crrc/rrc/rc/cc:2d8c|Ks8s/Qs9s3c/3h/7h:-70|70:Bob|Alice
STATE:420:cc/rc/crrc/rrf:4sJd|JsKs/5d2s3h/Qs/6s:-80|80:Alice|Bob
STATE:421:cc/crrrc/rc/rf:TcTh|2h5c/Qc3c7d/Ad/Td:60|-60:Bob|Alice
STATE:422:cc/rrrf:8cKh|5cKd/Tc7dTs:30|-30:Alice|Bob
STATE:423:crf:Ah9h|8d5d:10|-10:Bob|Alice
STATE:424:crc/rc/crrf:3h6d|5cQc/TdJh4s/6s:50|-50:Alice|Bob
STATE:425:crc/rrrrc/crrrrc/cc:4d5c|9d6c/6s8cJc/7d/Qh:140|-140:Bob|Alice
STATE:426:rrc/crrc/crrc/rrf:7sTh|4sAs/4d9cQs/Ts/6d:-110|110:Alice|Bob
STATE:427:rf:Jc5d|Qs5h:-10|10:Bob|Alice
STATE:428:rrrc/crf:4s2s|Js3h/TdQh2h:-40|40:Alice|Bob
STATE:429:rrrc/rrc/rrc/rc:3s8c|9c5d/5s4d7s/Tc/2h:-120|120:Bob|Alice
STATE:430:cc/crf:5d4d|2cKc/Kh2sQs:-10|10:Alice|Bob
STATE:431:rrc/rrc/rc/cc:7d8s|ThJh/7h7cTd/4d/3s:70|-70:Bob|Alice
STATE:432:cc/crrrrc/rrc/rrrrc:Qd5s|AcTd/Kd2h6c/5d/9d:170|-170:Alice|Bob
STATE:433:rc/rc/rc/crc:9cAh|3h5h/JhQh5c/Jc/Qc:70|-70:Bob|Alice
STATE:434:rc/cc/cc/rrc:2sTs|Qh8s/6s2d9d/6c/Ah:60|-60:Alice|Bob
STATE:435:cc/rf:2h5c|JsQs/7s5sQh:10|-10:Bob|Alice
STATE:436:rc/rc/rc/cc:Ah9d|JcAs/3cQh7d/Qd/6s:-50|50:Alice|Bob
STATE:437:rrrc/rrrf:Qc2d|Kh3h/6h6c5h:60|-60:Bob|Alice
STATE:438:rrrf:7dKd|5cQc:-30|30:Alice|Bob
STATE:439:rc/crc/rrrc/cc:Ts3s|Th2c/2d2s4c/3d/7c:-90|90:Bob|Alice
STATE:440:cc/crc/rrrf:Jd8d|8c3h/QhJs2d/Td:60|-60:Alice|Bob
STATE:441:cc/cc/crf:Jc6c|JdQs/5d3h9h/Qd:-10|10:Bob|Alice
STATE:442:rrrc/cc/cc/rc:4s3s|2hAh/QdKh9d/Tc/Kc:-60|60:Alice|Bob
STATE:443:rc/rc/rrc/rrrrc:Ah2d|Qc9h/Kc8d4h/Ks/Qh:-150|150:Bob|Alice
STATE:444:rc/rrf:KdTc|9d6s/Js4c8s:-30|30:Alice|Bob
STATE:445:rrrf:6cKc|5sJs:-30|30:Bob|Alice
STATE:446:cc/rc/cc/cc:Kd5s|6hJc/JhAd3c/Tc/Ah:-20|20:Alice|Bob
STATE:447:crrrc/cc/rrrrc/cc:AcJh|As6h/5d2s7s/8c/Qs:120|-120:Bob|Alice
STATE:448:crrc/cc/rf:8c7d|4dQs/4h8dAh/5c:30|-30:Alice|Bob
STATE:449:rc/cc/cc/rc:Td5d|KcAh/5c7cJh/9c/8d:40|-40:Bob|Alice
STATE:450:rc/rc/cc/cc:Jd4c|5c7d/JcJhTs/Kh/Qh:30|-30:Alice|Bob
STATE:451:rc/rrrc/rc/rc:Th5h|6dKs/9hAc4d/9c/9s:-90|90:Bob|Alice
STATE:452:rc/cc/crrrc/rc:Kh8c|3dTd/6sTcJc/Jd/7d:-100|100:Alice|Bob
STATE:453:cc/rc/rrrrc/rrc:Qd5h|Ah8s/5dTc6c/Th/3h:140|-140:Bob|Alice
STATE:454:rrc/cc/crc/rrc:9s3c|7cQc/9hTdKs/Ts/Qh:-90|90:Alice|Bob
STATE:455:crc/rf:5sAs|TdTc/4d2dJc:20|-20:Bob|Alice
STATE:456:crrc/cc/rc/rc:KsKd|8cTh/2d6c2c/5c/7h:70|-70:Alice|Bob
STATE:457:rc/crc/rc/crc:9c6h|Qd7d/4sKhJc/9s/Ac:70|-70:Bob|Alice
STATE:458:crc/cc/crf:5c9h|9d5d/6cTh3d/Qh:-20|20:Alice|Bob
STATE:459:crrc/rrrrc/rc/crc:8sAd|3hJh/6c8d3d/2s/2c:110|-110:Bob|Alice
STATE:460:crrrc/cc/cc/rrc:8sJc|5d7d/Jh7c5h/Ad/7h:-80|80:Alice|Bob
STATE:461:crc/crrc/crc/crf:5c4h|KdJc/Js6h3s/Tc/Ac:-60|60:Bob|Alice
STATE:462:cc/rrrrc/rc/rrc:7sJc|4h2s/2hQs5h/2c/7d:-110|110:Alice|Bob
STATE:463:rrrc/rc/rrrc/cc:Ah4d|3cKs/2s4sJc/8c/Qh:110|-110:Bob|Alice
STATE:464:rf:Kc7h|5h7d:-10|10:Alice|Bob
STATE:465:cc/cc/crrrrc/cc:2cTs|6c3c/5cAcQc/Th/Qd:-90|90:Bob|Alice
STATE:466:crrc/cc/rrrc/crc:9s9h|JsAd/5s6c4d/8d/Kc:110|-110:Alice|Bob
STATE:467:cc/cc/cc/crf:8h9s|Kd6d/3dTh9c/Jc/Ad:-10|10:Bob|Alice
STATE:468:rrc/crrc/cc/cc:Qc3c|2s8c/Jc4h6d/7h/Ac:50|-50:Alice|Bob
STATE:469:rc/crrc/cc/rrc:4h9c|Qh3d/5h7sJd/2c/Td:-80|80:Bob|Alice
STATE:470:rrc/rc/cc/rrc:5cTs|7h9s/8dTcQs/3c/Ac:80|-80:Alice|Bob
STATE:471:f:JhTh|3s9h:5|-5:Bob|Alice
STATE:472:f:8sQc|Kh7c:5|-5:Alice|Bob
STATE:473:crrc/cc/rc/rc:4sKd|4d5c/8s5s9d/Ah/Qs:-70|70:Bob|Alice
STATE:474:crc/cc/rrc/rc:7dJh|3hTh/2d8hTc/Kh/Td:-80|80:Alice|Bob
STATE:475:cc/cc/cc/crrc:4sKs|6h7c/Ts2dTc/2s/Kc:50|-50:Bob|Alice
STATE:476:rc/crc/rc/cc:Qc4c|4h7c/8d3c9d/Qh/Td:50|-50:Alice|Bob
STATE:477:cc/cc/rc/cc:8s5s|5hAc/Td9hJs/6d/Kh:-30|30:Bob|Alice
STATE:478:rc/cc/cc/crc:Td8c|4c2d/Qh8d2c/Qc/Js:40|-40:Alice|Bob
STATE:479:rf:9h6s|5hTd:-10|10:Bob|Alice
STATE:480:rc/cc/rrrrf:9h6h|Kc2d/8d5cKd/Th:-80|80:Alice|Bob
STATE:481:crrc/rrf:2sQc|2d8s/As5hKc:-40|40:Bob|Alice
STATE:482:rrc/rrc/cc/crc:AdTd|7h5d/Kd6c3c/7s/3h:-70|70:Alice|Bob
STATE:483:rrrc/crc/rc/rrrc:5c5h|3c3h/4h5d4c/Td/7h:130|-130:Bob|Alice
STATE:484:cc/cc/rrc/crc:5cQh|QsTc/4s7hTd/4c/2h:-70|70:Alice|Bob
STATE:485:rrrc/cc/rc/crrc:As4h|9cQs/2s8d7h/Jc/2c:100|-100:Bob|Alice
STATE:486:cc/crc/rrc/rc:5s8s|5d6c/2h9dKs/2c/Th:0|0:Alice|Bob
STATE:487:rrc/crf:Kd6c|QdAs/4dKhTs:-30|30:Bob|Alice
STATE:488:rc/crc/rc/rc:AhKc|3cKd/9c5cQs/3s/As:70|-70:Alice|Bob
STATE:489:cc/rrc/crc/rc:QhKc|9c2d/3hThAd/7h/Kh:70|-70:Bob|Alice
STATE:490:rrc/rrc/crf:Qd3s|QcJc/Ac3dAs/2h:-50|50:Alice|Bob
STATE:491:rrrc/cc/crc/cc:8d2h|Kh2s/Jd3c6h/8c/Ad:60|-60:Bob|Alice
STATE:492:rrc/rf:Qh6c|5d4c/Td9sAc:30|-30:Alice|Bob
STATE:493:cc/rrc/rrrrc/rc:Ac9d|2h3c/Kd7c4c/2c/3s:-130|130:Bob|Alice
STATE:494:crrrc/crc/rc/rrrc:QdJc|7hTh/3cAd9s/3s/Js:130|-130:Alice|Bob
STATE:495:crc/rrrc/rc/cc:Ac6h|7c2c/KcAd3c/6s/4c:-70|70:Bob|Alice
STATE:496:crc/cc/cc/crc:4s6s|7d2c/Tc4cTd/9s/Kh:40|-40:Alice|Bob
STATE:497:cc/rrc/rrrf:Jd9h|7h3s/6s3h4h/Qc:70|-70:Bob|Alice
STATE:498:crrrc/rc/cc/crc:4d5d|7s9d/6dQs3d/Ah/7d:70|-70:Alice|Bob
STATE:499:f:2c9c|KhQs:5|-5:Bob|Alice
STATE:500:rc/rc/crc/crrrc:9d2d|Th6h/4s3s6s/Jh/Js:-110|110:Alice|Bob
STATE:501:crrrf:3h5c|Qc9c:30|-30:Bob|Alice
STATE:502:rrrc/cc/rf:5s7h|9s3d/Kc9d8d/Js:40|-40:Alice|Bob
STATE:503:crrc/rc/rc/crf:3c5c|Kd2h/AhTc3s/As/Qs:-60|60:Bob|Alice
STATE:504:rc/rrrc/rc/rc:9dAd|6d7c/2c8cJh/4c/8d:90|-90:Alice|Bob
STATE:505:rrrf:3c8h|Jh7c:-30|30:Bob|Alice
STATE:506:rc/rrrc/cc/cc:9h6s|QcAc/AsJc2c/9d/Kc:-50|50:Alice|Bob
STATE:507:rrc/crrrc/cc/rc:4h4s|7dKh/5d9cQc/Js/7h:-80|80:Bob|Alice
STATE:508:crrrc/cc/rf:6sJs|QhQc/6cTh3d/8s:40|-40:Alice|Bob
STATE:509:crrc/crc/cc/rrf:8cKd|5dJs/4d9s8d/Ah/Jd:-60|60:Bob|Alice
STATE:510:crc/cc/rc/cc:Qd5h|Ts4s/3sAcTc/2s/Qs:-40|40:Alice|Bob
STATE:511:rrc/cc/crc/rc:Qh8h|9s5s/6s4c3h/9c/8d:-70|70:Bob|Alice
STATE:512:crc/rrrf:6c9s|8cTc/Kc2s2c:40|-40:Alice|Bob
STATE:513:rc/cc/cc/crc:3hTh|2h2c/7cJd8s/Kd/2d:-40|40:Bob|Alice
STATE:514:rrrc/rc/rc/rc:9d5d|QsTh/Jc4s6c/9s/Td:-90|90:Alice|Bob
STATE:515:crf:2cJc|Qd5h:10|-10:Bob|Alice
STATE:516:rrrc/cc/cc/rrrrc:5c6c|JsAd/Ac8c5d/Qc/9s:120|-120:Alice|Bob
STATE:517:rrc/rf:Kd3h|8sKc/Ah4c3d:30|-30:Bob|Alice
STATE:518:f:5c2h|ThTc:5|-5:Alice|Bob
STATE:519:rc/rc/cc/rc:6c9d|2s3d/2h8dQs/Ts/8c:-50|50:Bob|Alice
STATE:520:crc/rrrrc/rrrf:2s9h|2c4d/6c5hJd/8h:100|-100:Alice|Bob
STATE:521:rf:8d4d|JcTd:-10|10:Bob|Alice
STATE:522:crrrc/rrc/rrc/crrc:Ac3s|TdJc/5c3c6d/Kc/Ah:140|-140:Alice|Bob
STATE:523:rc/cc/rc/rrf:3d7s|4d5h/8s9s3h/Tc/4s:-60|60:Bob|Alice
STATE:524:f:3cJd|KdAs:5|-5:Alice|Bob
STATE:525:rc/crrc/rrc/rf:AdKs|8cKd/5h2h4c/2s/8h:80|-80:Bob|Alice
STATE:526:crrc/rc/crrc/rrrc:2s5d|ThQs/5hAdJc/Ts/Qh:-140|140:Alice|Bob
STATE:527:crc/rrc/rc/rc:9h3h|AdJc/Td3s5d/2h/2c:80|-80:Bob|Alice
STATE:528:rrrc/crrrc/rrc/crrc:8h3d|4s5c/Td3sQs/Ks/Ts:-150|150:Alice|Bob
STATE:529:f:KhQh|6c7h:5|-5:Bob|Alice
STATE:530:rc/rc/cc/crc:Kc2d|KsAd/Ah9d4s/7d/7h:-50|50:Alice|Bob
STATE:531:crrc/rrrrc/rrrrc/rc:7c6d|Ad7s/3sKc3h/7d/4c:-170|170:Bob|Alice
STATE:532:rc/crrf:9h3d|6hQc/4hAhKh:30|-30:Alice|Bob
STATE:533:rrrc/cc/cc/rf:Kh2c|6sAh/4sQc9d/3c/6d:40|-40:Bob|Alice
STATE:534:crc/rrc/rc/rrc:3h6h|3c7s/5hTs4c/6d/Jh:-100|100:Alice|Bob
STATE:535:crc/cc/rc/crc:Ah5h|8cAc/2h8h9s/Ts/Js:-60|60:Bob|Alice
STATE:536:rrc/rrf:Qh9c|3h2d/Qd5dQc:-40|40:Alice|Bob
STATE:537:rc/cc/rrc/cc:8hJc|4hQc/Ks8cAs/Ts/2c:60|-60:Bob|Alice
STATE:538:rc/cc/rc/rc:7d4d|2s6c/8c8sQc/Kc/Jc:-60|60:Alice|Bob
STATE:539:crrf:4c5s|7h8d:-20|20:Bob|Alice
STATE:540:rf:4d5s|6cTs:-10|10:Alice|Bob
STATE:541:rc/rf:Th3s|6h4h/Td2cAh:20|-20:Bob|Alice
STATE:542:rrrc/crc/rrrc/rrc:8s8d|Qd3s/9h3d8h/5h/Ts:150|-150:Alice|Bob
STATE:543:rrrc/rc/crc/rrrc:5h6c|Jh6d/8sQh9c/3s/7d:130|-130:Bob|Alice
STATE:544:rf:QcQh|6d3s:-10|10:Alice|Bob
STATE:545:cc/rrc/crc/crrrrc:TdKc|8d5c/As9hAd/2d/2h:130|-130:Bob|Alice
STATE:546:cc/crrc/cc/rrc:7s7d|QhAc/6dQs4c/Jd/5c:-70|70:Alice|Bob
STATE:547:rrc/cc/rrrc/crc:Td6s|Ad6h/AhQd9d/Ts/3d:-110|110:Bob|Alice
STATE:548:crrc/crrrc/rc/rf:6d2c|Kh8c/2hQc3h/5c/8s:80|-80:Alice|Bob
STATE:549:f:AhKc|JdKd:5|-5:Bob|Alice
STATE:550:rrc/rc/crrc/crc:4cJd|QdAd/Td4s9s/Jh/8s:-100|100:Alice|Bob
STATE:551:cc/crc/rrc/cc:3dJh|9sQc/6h5c6c/7h/8s:-60|60:Bob|Alice
STATE:552:rc/rrc/rc/crc:Kh4s|8c7h/3d6s3s/Qs/8h:-80|80:Alice|Bob
STATE:553:cc/rrc/rc/rrrc:6cJd|3d2s/Ah6sTc/Kh/5c:110|-110:Bob|Alice
STATE:554:f:5s2d|QdTs:5|-5:Alice|Bob
STATE:555:rrc/cc/rc/cc:As2h|4sTc/2s7dKs/4h/Kh:-50|50:Bob|Alice
STATE:556:cc/cc/cc/cc:5s9h|Qd7s/8h9d5c/Kc/As:10|-10:Alice|Bob
STATE:557:crrrc/rc/cc/rrrrf:4h5c|2cKd/7d7h6c/2h/8d:-110|110:Bob|Alice
STATE:558:rc/rrc/rc/rrrc:2hKd|AsAd/Jd9s2c/8c/2s:120|-120:Alice|Bob
STATE:559:rc/rrrc/rc/rrc:KcKd|7hJs/9cAs8h/7d/9h:110|-110:Bob|Alice
STATE:560:crf:9dJs|2d8s:10|-10:Alice|Bob
STATE:561:crc/rrc/rrc/cc:2dTh|2sTs/Kh5dTc/7d/7c:0|0:Bob|Alice
STATE:562:crc/rc/crc/rrc:3h8c|2s5s/9s4cKh/Qd/9d:90|-90:Alice|Bob
STATE:563:cc/rc/rrc/crrrc:9c5h|7d6d/4c6h9s/Jh/3h:120|-120:Bob|Alice
STATE:564:rrf:5h8h|2dAs:20|-20:Alice|Bob
STATE:565:cc/rrc/crc/rf:4h3d|Jh8h/2c5s5h/6d/Td:50|-50:Bob|Alice
STATE:566:cc/rc/rf:7cQc|3s8d/2s2h7h/5c:20|-20:Alice|Bob
STATE:567:crrc/crrc/cc/rc:5dKh|8s7s/As2sTc/3c/3h:70|-70:Bob|Alice
STATE:568:crc/crc/rc/rc:7dKd|3c6s/QsQhAs/8d/Ks:70|-70:Alice|Bob
STATE:569:rf:Ah4s|Ts6s:-10|10:Bob|Alice
STATE:570:crrc/crc/rc/rrf:Js7c|Tc8h/8cJh7d/5c/5h:-80|80:Alice|Bob
STATE:571:rrc/rrrc/rrrrc/rrrrc:9sQc|8d7c/5d9c2d/4s/5h:220|-220:Bob|Alice
STATE:572:crrrc/crc/rc/crc:3dKd|8d5s/4cTcQd/3s/7h:90|-90:Alice|Bob
STATE:573:crrrc/cc/crrc/rc:Qc3c|9cTd/4sTh6s/6h/Js:-100|100:Bob|Alice
STATE:574:f:Js9h|Kh3c:5|-5:Alice|Bob
STATE:575:f:4s2c|6s8c:5|-5:Bob|Alice
STATE:576:cc/crc/cc/cc:3s6h|6s8c/5hKsKc/As/9d:-20|20:Alice|Bob
STATE:577:cc/crrf:3dTs|Tc7d/AsKhJc:20|-20:Bob|Alice
STATE:578:cc/crc/cc/cc:2d5c|3cQc/6sKs6h/Qd/5h:-20|20:Alice|Bob
STATE:579:crrc/rrrrc/crf:3h7d|9d6s/9c8sTd/4h:-70|70:Bob|Alice
STATE:580:rc/cc/rf:4dQh|8c5c/9hKc2d/9d:20|-20:Alice|Bob
STATE:581:cc/crc/rrrf:Qc4d|8c7d/Qd8hTh/4s:60|-60:Bob|Alice
STATE:582:rrrf:8dQs|3hQd:-30|30:Alice|Bob
STATE:583:rrrc/crrc/rrc/rc:9h3d|9c5d/As7s2c/5h/2s:-120|120:Bob|Alice
STATE:584:rrrc/crc/cc/rf:Qh8h|7s4c/Tc3cJh/Js/Ts:50|-50:Alice|Bob
STATE:585:cc/rc/rrc/rc:5h4s|9sQd/2c6d7d/Tc/6c:-80|80:Bob|Alice
STATE:586:rf:3h7s|Js5s:-10|10:Alice|Bob
STATE:587:cc/rc/rrrc/crc:5cTc|4d3h/9sJc9d/Qd/6h:100|-100:Bob|Alice
STATE:588:crc/cc/crrc/cc:Qh8s|9s2h/4c3h7d/Kc/3s:60|-60:Alice|Bob
STATE:589:rrc/rrrrc/rrrc/cc:Ad6s|Js8s/5dTs6c/9s/3d:130|-130:Bob|Alice
STATE:590:rrf:Jh8s|TcQs:20|-20:Alice|Bob
STATE:591:rrc/rrrc/cc/rrrc:7cTs|AhJs/9h3dQd/2h/3c:-120|120:Bob|Alice
STATE:592:cc/rc/crc/cc:JcJh|KdAh/9dKc8d/4c/9c:-40|40:Alice|Bob
STATE:593:rc/cc/rrrf:Qs2c|Jd6s/Js3dKs/Kc:60|-60:Bob|Alice
STATE:594:cc/cc/rc/cc:6sQs|9dJh/7sAsTh/5c/5d:30|-30:Alice|Bob
STATE:595:rrrc/crc/cc/cc:6h8h|9h2d/2hJd5d/3d/Tc:-50|50:Bob|Alice
STATE:596:cc/crc/rrrrc/crc:3sQc|4c2c/Ts8sTd/5s/Ah:120|-120:Alice|Bob
STATE:597:crc/cc/rrrc/crrrrc:7sQd|Ac6s/6h9dJc/Jh/Kc:-160|160:Bob|Alice
STATE:598:cc/rrrc/crf:3cJd|JsAs/9dAh9s/3d:-40|40:Alice|Bob
STATE:599:rc/crrc/cc/rrrrc:3dTc|8s9s/KdKc2d/5d/Ts:120|-120:Bob|Alice
STATE:600:rc/crc/rc/rrrrc:4h8d|4dKh/3s9h7d/9c/Kc:-130|130:Alice|Bob
STATE:601:cc/rrc/rc/rc:TsKh|Qh6h/Td9h8s/9c/Ac:70|-70:Bob|Alice
STATE:602:crrrc/rc/crf:4d3s|4sJh/8sTs5c/4c:-50|50:Alice|Bob
STATE:603:crc/crc/crc/cc:6sJc|Kc3d/As5s7c/Td/9c:-50|50:Bob|Alice
STATE:604:cc/cc/rc/crc:Qs4s|8c6s/4d7s7c/Qc/Kd:50|-50:Alice|Bob
STATE:605:rc/crf:Kh7c|5sQs/Kd6s2c:-20|20:Bob|Alice
STATE:606:cc/rrf:5hAh|8hTh/3s4sTd:-20|20:Alice|Bob
STATE:607:rf:8dQh|6s8c:-10|10:Bob|Alice
STATE:608:rrc/rc/cc/rc:3h9d|3sAh/Qc7c8d/6s/Td:60|-60:Alice|Bob
STATE:609:f:KsJc|6s4d:5|-5:Bob|Alice
STATE:610:crrrc/crc/rc/rrc:Qc7s|7d8s/5cAs8c/6c/9h:0|0:Alice|Bob
STATE:611:crrc/rrc/rc/cc:9h5d|2s3d/Th8c5c/Jd/Jh:70|-70:Bob|Alice
STATE:612:rrc/crc/cc/cc:7cJc|TcQs/9h9cJd/4s/Kh:-40|40:Alice|Bob
STATE:613:rc/rrrrc/crrrc/crrrc:3d9s|4s2d/Ts6h4d/7h/Qh:-180|180:Bob|Alice
STATE:614:cc/rc/crrrc/cc:KcQd|7hTd/Th9h5d/Qs/3h:80|-80:Alice|Bob
STATE:615:rf:Td4h|8c9s:-10|10:Bob|Alice
STATE:616:cc/crrc/rc/crrc:5h6h|Th3s/5dTd4s/Jc/Ah:-90|90:Alice|Bob
STATE:617:rrrc/crc/rrc/cc:TdQd|Kd6s/Qs5h9s/2h/3c:90|-90:Bob|Alice
STATE:618:crrc/rrrc/rc/cc:AhQh|7cQd/QcKh2h/7h/2d:80|-80:Alice|Bob
STATE:619:rc/rrrc/crf:2h7c|5hKs/AhJs5s/Th:-50|50:Bob|Alice
STATE:620:rrrc/cc/rrrrc/crc:8hKc|9s8s/Kd5sQd/5d/Th:140|-140:Alice|Bob
STATE:621:cc/crc/cc/rc:9sTd|KdJs/3dQc3h/2h/4h:-40|40:Bob|Alice
STATE:622:rc/crrrf:2s4c|Jd5c/8h4hQs:-40|40:Alice|Bob
STATE:623:rf:Js9s|9d6h:-10|10:Bob|Alice
STATE:624:crf:4hKd|7h8s:10|-10:Alice|Bob
STATE:625:cc/crc/rc/cc:9h6c|4h7d/As8h3d/Ac/6s:40|-40:Bob|Alice
STATE:626:cc/cc/crc/cc:AcQd|2s8c/Qs3hKs/Ah/9s:30|-30:Alice|Bob
STATE:627:cc/rrc/rf:9sAc|3cKh/Kc5s8h/2h:30|-30:Bob|Alice
STATE:628:rc/cc/cc/rc:8d4c|5c8s/9dAs5h/2c/7h:-40|40:Alice|Bob
STATE:629:cc/rc/rf:3hJc|2d5h/Jd2hKd/Qs:20|-20:Bob|Alice
STATE:630:cc/rc/rc/rc:JsTs|QsAd/4d7d6c/Qh/9d:-60|60:Alice|Bob
STATE:631:rc/rrrf:7s9h|Td8c/3dQh2s:40|-40:Bob|Alice
STATE:632:crrc/rc/crrc/rc:6d4s|8cTh/Td9c9d/Kd/Ah:-100|100:Alice|Bob
STATE:633:crc/rrrrc/crc/cc:8c9c|Ah8s/Jc2h3h/Qh/6h:-80|80:Bob|Alice
STATE:634:cc/rc/cc/rc:8c6c|9dAs/8h2sJh/Td/Qh:-40|40:Alice|Bob
STATE:635:cc/crrrc/cc/rrc:4h9c|KcAs/3dKd5s/8d/Js:-80|80:Bob|Alice
STATE:636:crrrc/cc/rc/rrrrc:Qc6c|2cTc/AhKdAs/Qs/Ac:140|-140:Alice|Bob
STATE:637:rrc/rc/cc/rc:9dJd|Th9c/3hAs4s/Ad/9s:60|-60:Bob|Alice
STATE:638:cc/rc/rrrrc/crc:Ac3c|7d3s/4h6c8d/6s/9s:120|-120:Alice|Bob
STATE:639:rc/rrc/rc/crc:5dQh|8c4h/8s7h7c/Jh/2c:-80|80:Bob|Alice
STATE:640:rrrc/rrf:7d8h|AsKs/3hJh4c:-50|50:Alice|Bob
STATE:641:crrrc/rrc/rc/rrrrc:AsKd|AhTc/4c5h2s/2d/2c:160|-160:Bob|Alice
STATE:642:rrc/cc/rc/cc:2sAd|3d6s/5h7h8d/6d/7c:-50|50:Alice|Bob
STATE:643:crc/rc/rrc/cc:8h2d|Kc8d/3c6dTh/6h/2h:70|-70:Bob|Alice
STATE:644:rc/crrc/crrrc/crrc:3sJd|3h5d/QsKd8s/4d/2d:140|-140:Alice|Bob
STATE:645:rc/rrrc/cc/cc:9h8h|4dAd/2hQc5h/5s/7h:50|-50:Bob|Alice
STATE:646:rc/rrrc/rrc/rf:Kd6h|9d4h/9c7s8h/Qd/8c:90|-90:Alice|Bob
STATE:647:f:JcTd|3hKd:5|-5:Bob|Alice
STATE:648:rc/rc/cc/rrrrc:KcKd|3c2s/3d6h7c/Jh/8c:110|-110:Alice|Bob
STATE:649:cc/crc/cc/cc:Ah5c|Kc5h/5sQs4s/7d/6h:20|-20:Bob|Alice
STATE:650:cc/cc/cc/rrc:9hJs|QhKh/3c2c7d/9d/9c:50|-50:Alice|Bob
STATE:651:crrc/rc/rrc/rrc:5dQd|4h9h/Ac7hJc/Kh/Qs:120|-120:Bob|Alice
STATE:652:crrrc/cc/cc/rrrrf:Jc4c|KdJh/7hKsTc/8d/9c:-100|100:Alice|Bob
STATE:653:crrrc/rc/crc/rc:Kd8h|Tc5d/Qh6s7h/Js/Qs:90|-90:Bob|Alice
STATE:654:rc/crrc/cc/rrc:6sJh|8hQc/9h4s7c/7s/As:-80|80:Alice|Bob
STATE:655:f:As6d|5h2s:5|-5:Bob|Alice
STATE:656:crrrf:QhKs|9h5h:30|-30:Alice|Bob
STATE:657:rc/rc/rrrrc/crc:Ks3c|4h8s/JhKdQd/9s/Th:0|0:Bob|Alice
STATE:658:rrc/rrrc/rrrc/cc:QcQd|8d5s/7sAdTh/7c/2h:120|-120:Alice|Bob
STATE:659:rc/rc/rc/rc:Kh2d|5d2h/TdAd6c/Jh/3s:70|-70:Bob|Alice
STATE:660:f:6sTc|4d9s:5|-5:Alice|Bob
STATE:661:crc/rc/cc/rrc:5h3s|Jc9c/Qd7cKs/Kd/Qs:-70|70:Bob|Alice
STATE:662:rrrc/crrc/cc/cc:Ac7s|Kd3d/Ts6d8h/9s/Ks:60|-60:Alice|Bob
STATE:663:f:3c8h|QhJd:5|-5:Bob|Alice
STATE:664:crrc/rc/crrrrc/crc:6cAh|8h2d/7hQdQs/2h/3c:-140|140:Alice|Bob
STATE:665:rc/rrc/rc/rc:3s7c|Tc7d/9cKd5c/Kh/7s:-80|80:Bob|Alice
STATE:666:rf:6s8d|7hKd:-10|10:Alice|Bob
STATE:667:cc/rf:4s7h|Jh7s/5d2s5c:10|-10:Bob|Alice
STATE:668:rrrc/crrrc/rc/cc:9sQh|3d5d/8h7hAc/6s/Td:90|-90:Alice|Bob
STATE:669:cc/cc/cc/rc:KsQc|Td7s/4s5s3s/8h/Qd:30|-30:Bob|Alice
STATE:670:rrc/rrc/rrc/rf:8hQd|4h2c/4sTs7d/7s/Td:90|-90:Alice|Bob
STATE:671:rc/rrrrc/cc/cc:KdAs|Ad3c/2s7s9c/Jc/Td:60|-60:Bob|Alice
STATE:672:rrrf:9s5s|Qs7d:-30|30:Alice|Bob
STATE:673:rc/crrrrc/crrc/cc:6s4h|Ts9d/2dAc7s/9s/2c:-100|100:Bob|Alice
STATE:674:crc/crc/crrrrc/cc:8c2h|Td8s/4dKd9s/Qh/5s:-110|110:Alice|Bob
STATE:675:rc/crrrrc/crrc/rc:8cJd|Qd5d/QhQcAh/3d/9s:-120|120:Bob|Alice
STATE:676:rc/cc/rc/rc:Jh8c|7hJd/2h9dKd/Ah/2c:0|0:Alice|Bob
STATE:677:rrrc/cc/rc/crc:9s3s|8s5d/5c8d2c/9c/Ad:-80|80:Bob|Alice
STATE:678:rrrc/rrc/cc/rrrrc:Tc4h|6hAc/Qs3h7s/8h/Jd:-140|140:Alice|Bob
STATE:679:f:AcTc|Ah2d:5|-5:Bob|Alice
STATE:680:rc/crc/rrc/rrrrc:Kh2s|4s4d/8dAc2c/5d/7c:-150|150:Alice|Bob
STATE:681:rrrc/crc/crc/cc:6d4c|Qh7c/3c7hKh/8s/6c:-70|70:Bob|Alice
STATE:682:cc/cc/crrrc/crf:7c8h|7d2s/9dJhKs/4c/2c:-70|70:Alice|Bob
STATE:683:crrrc/crrrc/crrrrc/crf:2dTc|AhKd/4sJs3d/Ks/4h:-150|150:Bob|Alice
STATE:684:cc/cc/crc/rc:3dAh|Kd8h/KsQs4c/4s/8d:-50|50:Alice|Bob
STATE:685:crc/rc/rc/rc:4s6s|Qc7d/Qh7c5d/Td/2h:-70|70:Bob|Alice
STATE:686:rrrc/cc/rrc/rc:As4h|9s5c/Ks5hKh/8c/7h:-100|100:Alice|Bob
STATE:687:cc/crrc/rf:JhTh|2hQh/6s5h2c/Ah:30|-30:Bob|Alice
STATE:688:rrc/rc/rrrc/rc:9h7s|6h6d/7d9dQc/Kh/4s:120|-120:Alice|Bob
STATE:689:f:Ks8s|Qs4s:5|-5:Bob|Alice
STATE:690:cc/rc/rrc/cc:7dQd|Td9s/6dTs3h/4s/6c:-60|60:Alice|Bob
STATE:691:rrc/cc/rrrc/cc:2h5h|2d2s/TdJsAh/Jc/7c:-90|90:Bob|Alice
STATE:692:crrc/crc/rrc/rrc:Js6d|3h5h/7hKh4c/Td/Qh:-120|120:Alice|Bob
STATE:693:cc/rf:6d5c|KsAd/Ts2h6h:10|-10:Bob|Alice
STATE:694:cc/cc/rc/crf:2c3c|Qh7h/AsJs7d/Td/Kd:-30|30:Alice|Bob
STATE:695:crrrc/rrc/rc/rrc:2c8d|8c8s/8h4d9s/9d/4h:-120|120:Bob|Alice
STATE:696:crrc/rrrc/cc/cc:7s5h|2hKs/KdQhJs/4s/Jd:-60|60:Alice|Bob
STATE:697:rrc/crc/rrrrc/cc:2h3d|JdKh/Ad5sKs/Ac/4c:120|-120:Bob|Alice
STATE:698:cc/rc/rrc/crrc:5dTs|8c7c/6d2dKs/Js/6c:100|-100:Alice|Bob
STATE:699:crc/cc/crf:5h8s|8hQd/7c4c3c/Jc:-20|20:Bob|Alice
STATE:700:rrrc/crc/crrc/rrrrc:6dQh|6cTs/7h3c7s/4h/3s:170|-170:Alice|Bob
STATE:701:crrrc/rc/crc/rrc:9c7c|4sJd/8s8cKd/7h/Ks:-110|110:Bob|Alice
STATE:702:cc/rrc/rc/rrc:2c7c|5h2h/3dTsAc/7s/Jc:90|-90:Alice|Bob
STATE:703:rrc/rc/cc/rc:7h5d|KhKc/Jh2d8d/9c/7d:-60|60:Bob|Alice
STATE:704:rrrc/rc/cc/rc:3cJh|6h7d/Kh7cAc/8d/Th:-70|70:Alice|Bob
STATE:705:cc/crrc/crc/crrc:JdTh|8sAc/7c3c3h/5s/Ks:-90|90:Bob|Alice
STATE:706:cc/cc/crrc/crc:3cAh|5d6h/9s4c8c/Jc/3h:70|-70:Alice|Bob
STATE:707:cc/crrc/crc/rc:Ah8h|QsAd/7h4dKh/2h/5d:70|-70:Bob|Alice
STATE:708:crc/cc/cc/cc:Ks3d|TsJd/8s8c6d/5d/Qh:20|-20:Alice|Bob
STATE:709:cc/rrrrc/rrc/rrrrc:5d9c|ThAd/Qc6c2s/8s/Ac:-170|170:Bob|Alice
STATE:710:rc/cc/rrrc/cc:4cTh|Js8d/7s8hQd/4h/5d:-80|80:Alice|Bob
STATE:711:cc/rrrrc/rc/crrrrc:6sJd|6h3d/Kd5dAc/Tc/6d:150|-150:Bob|Alice
STATE:712:rrc/rc/crrrrc/rrc:Ks5d|8d2h/KhAs4c/8s/Kc:160|-160:Alice|Bob
STATE:713:cc/cc/cc/rc:4hTc|4c5s/Js9sAs/4d/Ts:-30|30:Bob|Alice
STATE:714:cc/rc/crc/crrf:2d5h|Th9c/8h9dTc/8c/Qd:60|-60:Alice|Bob
STATE:715:cc/crrrrc/cc/rc:Ad3c|7h8h/4d7sJs/3h/6d:-70|70:Bob|Alice
STATE:716:rrrc/crc/crc/rc:As4s|Qd3d/7s3cKc/5c/9c:-90|90:Alice|Bob
STATE:717:rc/rc/cc/crc:Ad2c|As4d/3hAh9h/Jc/4h:-50|50:Bob|Alice
STATE:718:cc/rc/rc/rrc:4sTd|Qh4h/5c7h6c/7d/6s:-80|80:Alice|Bob
STATE:719:crc/rc/cc/rc:3c7s|8s3s/Ts4c5c/Jc/9s:-50|50:Bob|Alice
STATE:720:rc/cc/rrrc/rrc:7d2d|As9s/9dThAc/Kc/2h:-120|120:Alice|Bob
STATE:721:cc/cc/rrf:Ad6h|Tc3s/9sTdQd/7d:-30|30:Bob|Alice
STATE:722:rrrc/rc/crc/crc:AcAh|Kc3c/TsKhAd/Jh/8s:90|-90:Alice|Bob
STATE:723:rrc/crrc/crc/rrf:Td6h|Ts8c/5h8d2c/Ad/9h:-90|90:Bob|Alice
STATE:724:rrc/cc/rc/rrrrc:Ad3h|Kc4d/As5cJh/8h/Js:130|-130:Alice|Bob
STATE:725:f:8c6c|KsKd:5|-5:Bob|Alice
STATE:726:f:AhTs|3d8s:5|-5:Alice|Bob
STATE:727:rc/rc/rc/cc:3c9d|Jc4c/8c9hQh/Kc/Kd:50|-50:Bob|Alice
STATE:728:rc/rrc/crf:6d8d|3h9h/2s7dKc/3s:-40|40:Alice|Bob
STATE:729:rrrf:5d5h|6d2h:-30|30:Bob|Alice
STATE:730:rrc/rc/cc/rrc:ThAd|QsAh/AcKh3d/3c/7d:0|0:Alice|Bob
STATE:731:cc/cc/rrc/rrrrf:9s2h|Jd9h/Ad5cAc/8c/4d:-110|110:Bob|Alice
STATE:732:cc/rc/rrc/rf:5dKs|Qc5c/Jd8h9h/Qd/3s:60|-60:Alice|Bob
STATE:733:rrf:As4c|5s5h:20|-20:Bob|Alice
STATE:734:crf:Ac5c|9sJh:10|-10:Alice|Bob
STATE:735:cc/rc/crc/crc:JsKh|7dKd/4h2sAc/4d/8s:60|-60:Bob|Alice
STATE:736:crc/rc/cc/crc:3dJd|9h8c/Jh5d9s/3h/Ks:50|-50:Alice|Bob
STATE:737:cc/crc/crrrf:5h9s|7d8d/4dAdTc/Js:-60|60:Bob|Alice
STATE:738:f:7sAh|8hJc:5|-5:Alice|Bob
STATE:739:rc/rrrc/rrrc/cc:Ac9c|6s2d/KcKd4c/6d/Ad:110|-110:Bob|Alice
STATE:740:rc/rrc/rrrc/crc:6s5s|KhTd/KsJc4s/9h/7d:-120|120:Alice|Bob
STATE:741:cc/crrc/rrf:Th6h|3c9h/4dJh4s/Kd:-50|50:Bob|Alice
STATE:742:cc/cc/cc/rc:AcQh|Ts7c/2hAd7d/6c/Kh:30|-30:Alice|Bob
STATE:743:rrrc/rrc/rc/rrc:Ks9d|9hAs/Kc6c5h/Ad/Kd:120|-120:Bob|Alice
STATE:744:cc/rrf:8h3c|5dQd/4d3h6h:-20|20:Alice|Bob
STATE:745:crc/rc/crc/cc:9d8h|QdKs/Jh6c9s/2d/3s:50|-50:Bob|Alice
STATE:746:cc/rf:2c3h|JcKs/KdTdTc:10|-10:Alice|Bob
STATE:747:cc/rrrc/rc/crc:QcTs|As4h/8d2s2h/Ad/4c:-80|80:Bob|Alice
STATE:748:rc/crc/crc/rc:As2d|Qs9s/2sThQd/9h/Ks:-70|70:Alice|Bob
STATE:749:rc/rc/cc/cc:Th8d|7h3d/4cQs5c/Ad/6c:-30|30:Bob|Alice
STATE:750:rf:9cKh|4d8c:-10|10:Alice|Bob
STATE:751:cc/crrrc/crrrc/crrf:8dQc|QsTh/Jc3sAc/3d/4h:120|-120:Bob|Alice
STATE:752:crc/rrc/rc/crc:3s4c|5c9d/As3h3c/2h/4s:80|-80:Alice|Bob
STATE:753:crrc/cc/rc/crc:8cKs|4sQc/6sJh4h/6c/Th:-70|70:Bob|Alice
STATE:754:cc/rc/crrc/crrrrc:8d5c|6s6c/TsAhKc/Qs/Qd:-140|140:Alice|Bob
STATE:755:crrrc/crrrc/rc/cc:Ah9h|QcTs/Kh3h3s/Kd/2h:90|-90:Bob|Alice
STATE:756:f:Ts7d|Kd9s:5|-5:Alice|Bob
STATE:757:crc/rc/rc/crrc:5s5c|9h9d/Ad2h4d/Qc/Td:-90|90:Bob|Alice
STATE:758:f:Kh9s|Ac6c:5|-5:Alice|Bob
STATE:759:rrrc/rrrf:Kd9c|Jh8d/Qc9hJc:60|-60:Bob|Alice
STATE:760:rf:9c4s|Jh5c:-10|10:Alice|Bob
STATE:761:cc/cc/rrc/rc:Td2s|7dAs/9s8s6c/7c/Jd:70|-70:Bob|Alice
STATE:762:crc/rrc/cc/cc:JhTd|TcAh/2s9dAd/4h/Qs:-40|40:Alice|Bob
STATE:763:crc/cc/cc/rc:Jd8d|9hTd/3h9s5c/7s/9c:-40|40:Bob|Alice
STATE:764:rf:ThAc|2d4c:-10|10:Alice|Bob
STATE:765:cc/rrf:Qh8d|2sJc/Kh7s3d:-20|20:Bob|Alice
STATE:766:rf:Qs6s|9hKs:-10|10:Alice|Bob
STATE:767:rc/cc/rc/rc:Kc2h|4h8d/3sTs4d/Qd/Ah:-60|60:Bob|Alice
STATE:768:cc/rf:QhAh|2cTd/6s3c4h:10|-10:Alice|Bob
STATE:769:rrc/rc/rc/rrc:6d5h|3hQh/2d6c8s/3s/2h:100|-100:Bob|Alice
STATE:770:rrrc/crrrrc/rc/rc:TcAs|Td7c/3d9s5s/Ac/4h:120|-120:Alice|Bob
STATE:771:cc/rc/rc/crc:2s7h|Qs8h/3c5hJs/Jd/5d:-60|60:Bob|Alice
STATE:772:crc/cc/cc/rc:6h5d|As7d/Ah6sKd/Ac/Ks:-40|40:Alice|Bob
STATE:773:rrc/crc/cc/rc:3d6h|6d2h/JsAh4h/9d/7d:0|0:Bob|Alice
STATE:774:cc/rrrc/cc/cc:8s6d|3d8c/Ah7hKh/7d/9s:0|0:Alice|Bob
STATE:775:f:Ks6c|7sJh:5|-5:Bob|Alice
STATE:776:f:Ah5d|6s2s:5|-5:Alice|Bob
STATE:777:rrc/rrrc/rc/crrrrc:7h2h|9cTc/7dKs2d/4c/Jd:160|-160:Bob|Alice
STATE:778:crc/rc/crc/crc:8hKc|2d9s/AdKs8d/3c/Th:70|-70:Alice|Bob
STATE:779:rc/rrrc/crc/cc:AhTh|5h2h/8sQh8d/2c/7d:-70|70:Bob|Alice
STATE:780:rc/rrrrc/cc/rc:7h8s|6hAs/QhQcJd/9d/7d:80|-80:Alice|Bob
STATE:781:f:Td5s|7c8c:5|-5:Bob|Alice
STATE:782:cc/cc/crc/rrrf:2d7c|2hQh/5h6h4h/6c/Jc:70|-70:Alice|Bob
STATE:783:cc/rc/cc/rrc:5hTh|3sAh/QdKh9s/Tc/Kc:60|-60:Bob|Alice
STATE:784:rrrc/rrrc/cc/crrrrc:4h7h|7c3d/Th7sQd/Tc/3h:0|0:Alice|Bob
STATE:785:crc/crrc/rc/cc:Kc9c|5d6d/8dTs7h/9s/2d:-60|60:Bob|Alice
STATE:786:cc/rf:QcQh|7dQd/4d2cTc:10|-10:Alice|Bob
STATE:787:rrrc/crrrc/cc/cc:9hJc|5d4c/4d6cKd/8h/Th:-70|70:Bob|Alice
STATE:788:cc/crrrrc/rrrrc/rrf:TcTh|Td6c/Ac8s8d/2s/Kc:-150|150:Alice|Bob
STATE:789:cc/rrf:Js3s|5s4d/QhKd7d:-20|20:Bob|Alice
STATE:790:cc/crc/rc/crf:Qs4d|AsAc/6h4c3d/7h/4h:-40|40:Alice|Bob
STATE:791:rc/rrc/rrrc/rrrrc:2c5d|JsQh/Jc9c3d/6d/7s:-180|180:Bob|Alice
STATE:792:crrrc/crrrc/crrc/rc:9s5s|Jh5h/8cQc7c/7h/6h:130|-130:Alice|Bob
STATE:793:rrrc/crc/rc/cc:4sAs|8d5h/7dJdJs/7c/6c:70|-70:Bob|Alice
STATE:794:cc/rrc/crc/cc:9h5h|9dAc/Jc2h4s/3d/3s:-50|50:Alice|Bob
STATE:795:rc/rc/cc/rrf:Kd3s|8sKc/JcKhAd/As/7s:-50|50:Bob|Alice
STATE:796:rrc/crrrrc/rc/rc:Qh2d|Kd7d/9d7h7c/Th/4c:-110|110:Alice|Bob
STATE:797:cc/crrc/rc/rc:Qd7h|2c4d/AcTh3c/9h/2d:-70|70:Bob|Alice
STATE:798:crc/rc/crrc/rrrrf:6h5s|Jh6d/9c2d5h/Kd/Ah:-130|130:Alice|Bob
STATE:799:rrrc/cc/cc/cc:6dTh|7h6h/AsTdTc/Qc/Jd:40|-40:Bob|Alice
STATE:800:rrc/crrrc/crrrrc/cc:5sAd|5h8d/ThJs7h/8c/6h:-140|140:Alice|Bob
STATE:801:rc/rrc/crc/rrrc:6d6c|8d8c/4sAc6h/Js/Td:120|-120:Bob|Alice
STATE:802:cc/rf:Qh3c|Kd8s/As5cJh:10|-10:Alice|Bob
STATE:803:cc/crc/crrc/rrc:Tc2s|Ac5c/9d7sAh/6s/6d:-100|100:Bob|Alice
STATE:804:rc/crrc/cc/rf:Td7c|QsQh/AsQc7h/2d/3c:40|-40:Alice|Bob
STATE:805:cc/crc/cc/rc:7h8d|Tc6s/3c5c4d/Td/2c:-40|40:Bob|Alice
STATE:806:crc/crrc/rc/crc:2c7c|Qc3h/JcKc2h/8d/7h:80|-80:Alice|Bob
STATE:807:rc/cc/crrf:2sKd|AdJh/5hTh9s/Ac:40|-40:Bob|Alice
STATE:808:rrrc/cc/cc/rrrf:Qh2c|4sQs/5d9sJc/5h/5c:80|-80:Alice|Bob
STATE:809:cc/rrrc/crrc/crc:Qh8s|3cJh/6d7sTc/Qc/Js:100|-100:Bob|Alice
STATE:810:rc/rrrc/cc/cc:9s5d|2c6h/5cQd3c/2s/Jd:50|-50:Alice|Bob
STATE:811:rc/crrc/rrf:5sQs|3h8s/4d6d4h/8d:-60|60:Bob|Alice
STATE:812:f:Qc8d|JsAs:5|-5:Alice|Bob
STATE:813:rrrf:AsJs|Ah6h:-30|30:Bob|Alice
STATE:814:crrc/rrc/cc/rc:8c7s|6dQd/7c5cTc/Ts/7h:70|-70:Alice|Bob
STATE:815:rc/rrrrc/rrc/rrc:2cAh|3c3d/JcQhTc/6h/Kh:140|-140:Bob|Alice
STATE:816:rrc/crc/rrrf:5c2s|6h4c/2h4dQs/Td:80|-80:Alice|Bob
STATE:817:rc/rc/rrc/cc:3sJh|Js6s/7h3h5h/6h/Jc:70|-70:Bob|Alice
STATE:818:cc/cc/rrrrc/cc:Ks8h|8c7s/6sTc5h/Ts/7d:-90|90:Alice|Bob
STATE:819:rc/rc/rrrrc/cc:Jc8s|AcAh/TcQdKs/8d/6s:-110|110:Bob|Alice
STATE:820:cc/cc/rc/rrrc:5dQc|2c6s/TsKhAh/6c/5h:-90|90:Alice|Bob
STATE:821:cc/rc/cc/rc:9c7c|6hKs/2h3c5d/Qh/5c:-40|40:Bob|Alice
STATE:822:crrrc/crc/cc/rrc:Kh9s|8d6s/JdAh9d/7d/Tc:-90|90:Alice|Bob
STATE:823:rc/crrrrc/rc/rc:3s3h|4cJc/Ts7h3c/8d/Qs:100|-100:Bob|Alice
STATE:824:rf:6hJs|2h3s:-10|10:Alice|Bob
STATE:825:crrc/crc/rrc/rrrrc:3d5h|KsKd/4sTsQd/Th/5d:-160|160:Bob|Alice
STATE:826:f:6d8s|5s7h:5|-5:Alice|Bob
STATE:827:crrrf:4hAs|KdTs:30|-30:Bob|Alice
STATE:828:crc/cc/rf:ThQs|Qd7c/6sAd3s/Ts:20|-20:Alice|Bob
STATE:829:rc/cc/rf:AdQh|TsKd/4sJh5s/3d:20|-20:Bob|Alice
STATE:830:rrc/cc/rc/rrrc:Th7c|Ts6c/5dJcQc/6h/3s:-110|110:Alice|Bob
STATE:831:crf:8cAc|8sAd:10|-10:Bob|Alice
STATE:832:crc/rrrrc/rrrrc/rc:TsQh|As8h/Ac8d7s/8c/3s:-160|160:Alice|Bob
STATE:833:rc/rrc/cc/cc:5d9d|6hQd/7sKh2h/Qh/7h:-40|40:Bob|Alice
STATE:834:crc/crrrrf:6s7c|QcAh/9cKhQs:50|-50:Alice|Bob
STATE:835:rc/rrc/crc/rc:ThKh|3cJh/5c8cQd/Qh/7c:80|-80:Bob|Alice
STATE:836:crrrc/rc/cc/cc:9c4d|7d9s/6d8dTc/Jc/Qc:0|0:Alice|Bob
STATE:837:cc/crc/cc/crc:3d9d|Kh4s/9cJs5c/2d/8s:40|-40:Bob|Alice
STATE:838:cc/cc/rc/rrc:6cTd|Kc9s/8s9hQs/6s/Th:70|-70:Alice|Bob
STATE:839:f:7h4d|7sTc:5|-5:Bob|Alice
STATE:840:crrc/crrrc/cc/rc:KsQs|As4c/7sTdKd/Jd/Kh:80|-80:Alice|Bob
STATE:841:rrrc/rrrrc/rrc/rc:4h2s|As7h/6h7cKd/4d/Kh:-140|140:Bob|Alice
STATE:842:rc/rc/rrc/rc:4dAd|9c6d/7c8s6s/5h/2h:-90|90:Alice|Bob
STATE:843:crc/rc/rf:3c3s|8s6d/Ad2dKs/Tc:30|-30:Bob|Alice
STATE:844:f:5dKh|JhQh:5|-5:Alice|Bob
STATE:845:rrrc/rf:6h3h|QdQh/Kh8d6d:40|-40:Bob|Alice
STATE:846:rrrc/rc/rc/cc:Jh9c|Qs4d/Qh9h8c/2h/4s:-70|70:Alice|Bob
STATE:847:rc/cc/cc/rrc:2c9s|Jh5c/QhKh7d/3c/6s:-60|60:Bob|Alice
STATE:848:rc/rc/cc/cc:ThKs|7dAd/7sKc4s/4d/Js:30|-30:Alice|Bob
STATE:849:rc/rrc/cc/crrc:4hQd|9s9d/Qc6cAc/2h/7s:80|-80:Bob|Alice
STATE:850:rrc/crc/rc/rc:JsAs|Kh5s/Tc3s2c/Kc/9c:-80|80:Alice|Bob
STATE:851:cc/crrc/rc/cc:4cKh|Kc7c/9d5d6s/Ks/4h:50|-50:Bob|Alice
STATE:852:crrrc/crc/cc/rc:AsTd|Th4h/Kc3d4s/Ac/6c:70|-70:Alice|Bob
STATE:853:rrrc/crrrc/cc/rrrc:Td7h|9h9d/AcAdJs/7s/Kc:-130|130:Bob|Alice
STATE:854:f:Ad9c|AcQd:5|-5:Alice|Bob
STATE:855:rc/rrc/rf:Ks2d|9s5c/Jd6s2c/Qd:40|-40:Bob|Alice
STATE:856:rrc/crc/rrc/rc:3cAc|Ks9h/ThAh5c/4h/6d:100|-100:Alice|Bob
STATE:857:cc/crc/crrc/crrf:8c5s|KsTs/JhKh7d/5h/9h:80|-80:Bob|Alice
STATE:858:rc/cc/crc/rc:JhQh|6h8s/3d2sAd/4s/5s:-60|60:Alice|Bob
STATE:859:rrrc/rrc/cc/cc:5s7h|3c4d/QsAhKd/3d/4h:-60|60:Bob|Alice
STATE:860:cc/rrc/crc/rrrrc:Ad8d|QdTd/9h5d6c/9d/7h:130|-130:Alice|Bob
STATE:861:crc/cc/rrrc/cc:7s7h|9dQc/JdKsKh/8d/Th:-80|80:Bob|Alice
STATE:862:crrrc/cc/rrrc/rrc:Td7d|5sQs/5h3hJc/3c/4c:-140|140:Alice|Bob
STATE:863:cc/rrc/crc/crrrc:7h5d|TdJs/KhQh9d/4h/6s:-110|110:Bob|Alice
STATE:864:cc/rrrc/crc/cc:Qd8d|2hTs/9h7c4c/3h/4s:60|-60:Alice|Bob
STATE:865:crc/crrrrc/rrrrc/rrrrc:QhJh|5h3h/4c8d6s/Jd/9d:220|-220:Bob|Alice
STATE:866:crc/rrc/cc/rrrrc:9d9s|5h6d/2s9h7s/Qd/Kc:120|-120:Alice|Bob
STATE:867:crrc/crrc/rc/crf:AsQh|Jd7h/9sTh9h/Qc/Tc:-70|70:Bob|Alice
STATE:868:rrc/cc/rrrf:Ac4h|9h6d/Tc3dAh/4c:70|-70:Alice|Bob
STATE:869:cc/crc/cc/cc:JhKh|5cJc/QsTs7h/2h/5d:-20|20:Bob|Alice
STATE:870:cc/rrc/rrc/crc:4d5h|2hQd/4h2c7s/4s/6s:90|-90:Alice|Bob
STATE:871:cc/rc/cc/rrc:2d6d|5c3d/7d7c6c/4c/Ks:-60|60:Bob|Alice
STATE:872:cc/rc/rc/rrc:2d3d|9c5s/9s6s7h/7c/8c:-80|80:Alice|Bob
STATE:873:rc/rc/rrc/crrrrc:8d8h|Qh7d/As9c5h/Tc/4c:150|-150:Bob|Alice
STATE:874:cc/rc/rc/crc:4sKs|4d8h/QdTdTh/9c/Jd:60|-60:Alice|Bob
STATE:875:rc/rrc/cc/cc:7s3c|As3d/AdJsJh/Ks/9c:-40|40:Bob|Alice
STATE:876:rrc/crrc/rc/crc:8h5s|6dTh/KhAd8c/5c/Kc:90|-90:Alice|Bob
STATE:877:f:7d7h|QsQh:5|-5:Bob|Alice
STATE:878:rrrc/rrc/cc/rrc:9cQh|AhTs/7c8s5c/2d/Kd:-100|100:Alice|Bob
STATE:879:rc/rc/cc/crc:8d4d|9cQh/5s2hKd/8h/8s:50|-50:Bob|Alice
STATE:880:crrc/cc/rc/cc:Qs7s|3sKc/7hJd2d/9c/5h:50|-50:Alice|Bob
STATE:881:rc/crf:Ac5s|9c2d/8dKd6d:-20|20:Bob|Alice
STATE:882:crc/rrrc/rc/rrc:TsJs|3h4h/Kd9h8c/6h/Qh:-110|110:Alice|Bob
STATE:883:crc/cc/rrrrc/rf:7sQd|Jc7d/2d2cJd/Ah/5d:100|-100:Bob|Alice
STATE:884:rrrc/rc/rc/crrrrc:3d2d|Kh6d/KsAc6c/Ad/5c:-150|150:Alice|Bob
STATE:885:crc/rc/cc/rf:6hTc|ThKs/8cJcAd/5s/Td:30|-30:Bob|Alice
STATE:886:rc/rrrc/crc/rrrrc:Td6c|7dKs/JhAh5c/Jd/4h:-150|150:Alice|Bob
STATE:887:rrrf:2s7c|JhJs:-30|30:Bob|Alice
STATE:888:rc/rc/cc/cc:As5s|6dJc/4c3hKh/7s/Kd:30|-30:Alice|Bob
STATE:889:crrf:Kh5c|9cJd:-20|20:Bob|Alice
STATE:890:rc/cc/cc/crc:9h8d|7c4d/5hQh2d/Ac/3h:-40|40:Alice|Bob
STATE:891:f:2cJc|Ks9s:5|-5:Bob|Alice
STATE:892:rrc/rrc/crrc/rrc:7h8c|Ad6c/6dKhJh/3c/Qd:-130|130:Alice|Bob
STATE:893:crc/rc/rc/rrrc:Jh2c|Tc9c/Qd5sKc/3d/Ah:110|-110:Bob|Alice
STATE:894:rrrc/crc/cc/rc:8d9c|6c7s/4c9h5d/7d/7h:-70|70:Alice|Bob
STATE:895:cc/crrrrc/rc/cc:4s2d|4hKc/Jd9d8h/Ac/5d:-70|70:Bob|Alice
STATE:896:f:Jc5c|5sAd:5|-5:Alice|Bob
STATE:897:crc/crc/cc/rf:Ts3c|6s6h/Jh5c4s/2c/7d:30|-30:Bob|Alice
STATE:898:crrc/crc/rc/rc:9c5d|Td5s/3h9hKd/8c/Jd:80|-80:Alice|Bob
STATE:899:cc/rrrc/cc/crc:KdTd|7cTc/9sQs5d/4d/6c:60|-60:Bob|Alice
STATE:900:crrrc/cc/crc/rc:5h3h|6c5d/QhAd2h/5c/9c:0|0:Alice|Bob
STATE:901:rrrc/cc/rc/rrc:JdQc|Jc7c/3h8c4c/4s/Js:100|-100:Bob|Alice
STATE:902:cc/rc/rrc/cc:Ah4s|Ks4d/2s5cJc/8h/Ad:60|-60:Alice|Bob
STATE:903:rc/rrc/rrrrc/rrf:Ad6c|Kc2c/2d7hJd/8c/2h:-140|140:Bob|Alice
STATE:904:cc/cc/cc/cc:8dQh|JhTd/8cQdAd/6c/5h:10|-10:Alice|Bob
STATE:905:rc/cc/cc/rrc:3s4s|3d2c/5hTs4h/5s/6s:60|-60:Bob|Alice
STATE:906:rrc/cc/rc/rrrrc:Kd4c|8cJc/3sAhQc/9d/7d:130|-130:Alice|Bob
STATE:907:f:Ks5h|8s5s:5|-5:Bob|Alice
STATE:908:cc/rc/rrrc/rc:8d3s|2s6c/Kd4d8c/5h/Th:100|-100:Alice|Bob
STATE:909:rc/rc/rrc/crc:9hAs|5d9d/6d7d7s/Td/2c:-90|90:Bob|Alice
STATE:910:cc/rrc/rrc/rc:Kd4s|4dJc/7d3h8h/2d/5s:90|-90:Alice|Bob
STATE:911:cc/rc/crc/rc:9s8d|3h2d/Ad7sJs/4s/4d:60|-60:Bob|Alice
STATE:912:f:8cTc|4cJc:5|-5:Alice|Bob
STATE:913:f:ThAd|4sQs:5|-5:Bob|Alice
STATE:914:cc/rrrrc/cc/rc:3hKd|3sKh/7s5cJh/Ac/5h:0|0:Alice|Bob
STATE:915:rrrc/crc/crrc/rrrc:AdTc|Th9c/Ks3h6h/9d/Ts:-150|150:Bob|Alice
STATE:916:rrrc/rf:Qs6h|4s2h/QdAc6s:40|-40:Alice|Bob
STATE:917:crrc/rrrc/rc/crrc:4s9c|2c2d/KdQd4c/Tc/7c:120|-120:Bob|Alice
STATE:918:cc/rc/rrrrc/crc:6c4c|Tc7d/AsQd3d/9c/5h:-120|120:Alice|Bob
STATE:919:crrc/rrf:TdQd|9h2h/Qh2cAd:-40|40:Bob|Alice
STATE:920:rc/rc/cc/rrc:7d8s|Jd6h/KsTh7h/As/Ts:70|-70:Alice|Bob
STATE:921:crc/cc/cc/cc:Jh5d|AcAs/8sKdKc/Jc/Qd:-20|20:Bob|Alice
STATE:922:rc/rrc/crrrc/rrrrc:2sKh|8c7d/9c2hJc/4h/Td:-180|180:Alice|Bob
STATE:923:crc/cc/rrc/cc:2hKd|Ac7d/4d7sQh/8h/2d:-60|60:Bob|Alice
STATE:924:cc/rc/cc/cc:9hAs|7c2h/3d4dTh/9d/3s:20|-20:Alice|Bob
STATE:925:rc/cc/cc/cc:QsAs|7d4h/6hKdQh/5c/Th:20|-20:Bob|Alice
STATE:926:f:5hKc|2hTd:5|-5:Alice|Bob
STATE:927:crrc/rc/rrc/crrrrc:6c9d|3s7c/Js6hQd/7s/2c:-160|160:Bob|Alice
STATE:928:cc/rf:7h6s|Qs2c/3dJs6d:10|-10:Alice|Bob
STATE:929:crrc/rc/rc/crrc:5dTs|8s5c/2cAcKh/2s/3h:100|-100:Bob|Alice
STATE:930:rc/crf:6c4s|Qs2h/9dJdKc:-20|20:Alice|Bob
STATE:931:rc/rrf:ThTc|2d3s/8h5dQc:-30|30:Bob|Alice
STATE:932:f:2dJh|7h5d:5|-5:Alice|Bob
STATE:933:rrrf:TsJh|4c5d:-30|30:Bob|Alice
STATE:934:rc/crrc/rc/rc:AcTc|Kh5c/9d7c8s/3s/4h:80|-80:Alice|Bob
STATE:935:rrc/rrc/crrrrc/rrrc:5h2h|Ad9s/3sTc7c/3h/7h:-190|190:Bob|Alice
STATE:936:rrrf:KsTd|4d6h:-30|30:Alice|Bob
STATE:937:rc/crc/cc/rc:8h6d|3d7c/KsJc6s/2s/Ad:50|-50:Bob|Alice
STATE:938:rc/cc/rc/cc:2cAd|3dKc/6d4d7c/9s/Ks:-40|40:Alice|Bob
STATE:939:rrc/rrc/cc/rrc:QhKh|Ad3h/2c6h8c/7s/Qd:90|-90:Bob|Alice
STATE:940:rc/rc/cc/rrrc:JdQd|3hTs/8h6c7h/9c/Qc:-90|90:Alice|Bob
STATE:941:rc/rc/crc/cc:8s2h|KsJh/8d7c3d/6d/2s:50|-50:Bob|Alice
STATE:942:crrc/rrrc/rrc/rc:Kd5s|As7h/TsTd8c/Qh/7c:-120|120:Alice|Bob
STATE:943:rrrc/cc/crc/rrrrc:3h4h|AdJd/6d7d8c/3c/4d:-140|140:Bob|Alice
STATE:944:rc/rrc/rrrc/rc:Jd6c|Qd8d/Jh3c2h/Ah/8s:120|-120:Alice|Bob
STATE:945:f:Kd2s|Js7c:5|-5:Bob|Alice
STATE:946:crrc/crc/crrrc/rc:2c5h|Ad7c/7d3cTs/4h/Ks:-120|120:Alice|Bob
STATE:947:f:8cTd|6sKc:5|-5:Bob|Alice
STATE:948:rrrc/rrrc/rrc/rrc:8hQd|4sKs/5h6sTs/2h/Jd:-150|150:Alice|Bob
STATE:949:rc/rrf:KdTs|4s7h/QcAcKc:-30|30:Bob|Alice
STATE:950:rc/crc/crrrrc/rrc:5h9s|Th6d/5c6h8s/9c/Kd:150|-150:Alice|Bob
STATE:951:f:7h4s|Jh8h:5|-5:Bob|Alice
STATE:952:cc/rrc/rrc/crc:Qc9c|Kc6s/4c7hAh/7c/4s:0|0:Alice|Bob
STATE:953:rc/crc/rrf:Qd8h|6cJh/2sAsJs/4c:-50|50:Bob|Alice
STATE:954:crc/rrc/cc/rf:6s8s|Jd9h/5d5hTc/Td/7s:40|-40:Alice|Bob
STATE:955:rc/rc/rrc/cc:6sAd|4h8h/6dKdKh/5c/4d:70|-70:Bob|Alice
STATE:956:crc/cc/crrc/cc:9c4d|Qs5h/As9sKs/2c/Qd:-60|60:Alice|Bob
STATE:957:crc/rf:Kh9s|2h5c/Kc5s3h:20|-20:Bob|Alice
STATE:958:crc/rrc/rrrrc/cc:Kd3h|TcKs/JcAc6s/Kc/9d:-120|120:Alice|Bob
STATE:959:rrrc/cc/rc/rc:8h6s|Ks5h/4c3hKd/3c/6h:-80|80:Bob|Alice
STATE:960:rrrc/cc/rrrrc/rrrf:2c7d|8d3d/9s7hQc/6s/2d:160|-160:Alice|Bob
STATE:961:rc/cc/cc/rrc:9hAs|5d6c/7d6s4s/Js/4d:-60|60:Bob|Alice
STATE:962:rrc/crrrc/rrc/rc:Js3c|5cKs/6h3dKd/Ah/2d:-120|120:Alice|Bob
STATE:963:crc/crrc/crrc/rrc:9sJc|5d8h/6d4h4c/Kd/3s:120|-120:Bob|Alice
STATE:964:rrrc/crrc/rrc/rrrrc:9s4c|7h6h/3cKdTd/3h/7s:-180|180:Alice|Bob
STATE:965:rrc/crrc/rrrrc/rc:3sAh|QhKs/6s2sQc/Qd/Jh:-150|150:Bob|Alice
STATE:966:rc/cc/crrc/rrrrc:3d7d|7h6s/4s2cJs/Ad/Qd:-140|140:Alice|Bob
STATE:967:crrc/rc/rrc/cc:9d7c|Qc5d/3dJcJs/8h/5h:-80|80:Bob|Alice
STATE:968:f:Tc2h|AhJs:5|-5:Alice|Bob
STATE:969:f:KcAh|3h5d:5|-5:Bob|Alice
STATE:970:rrc/rrrrc/cc/rrrrf:4c4s|KdAs/AdThTc/9h/Jh:-130|130:Alice|Bob
STATE:971:rc/crc/rrc/rc:KcJh|9c9s/AdTd8h/3h/6c:-90|90:Bob|Alice
STATE:972:crf:3c9d|Tc2s:10|-10:Alice|Bob
STATE:973:crrc/crrc/crrc/rrf:9s9c|Ks9h/Ac4cQh/Ts/4h:-110|110:Bob|Alice
STATE:974:rc/crrrrc/cc/crrrrc:Tc7h|As3c/5dQc3s/2c/5h:-140|140:Alice|Bob
STATE:975:rrc/rc/crc/crc:Qd9d|Ts3h/6d8hJh/Qh/Th:-80|80:Bob|Alice
STATE:976:cc/crrc/rf:9h8d|6c2s/8s2d7c/5s:30|-30:Alice|Bob
STATE:977:rrrc/cc/cc/crc:Qs8c|6d5c/Ts7h5h/4h/Ac:-60|60:Bob|Alice
STATE:978:rc/cc/cc/crrrc:3s5s|8s2s/Kd6sTc/7s/6d:-80|80:Alice|Bob
STATE:979:crc/rrc/crc/cc:Jh6d|KdAs/TsJc4s/3h/Ad:-60|60:Bob|Alice
STATE:980:rc/rrc/rrc/cc:Qc3s|2c6d/Jc7s7d/Tc/Ts:80|-80:Alice|Bob
STATE:981:crrc/crrrrc/rf:Td4s|5d6h/6d7cTh/3h:70|-70:Bob|Alice
STATE:982:rc/rc/cc/rf:3d4s|2h7s/Jc6s3h/6c/7d:30|-30:Alice|Bob
STATE:983:crc/crf:2s4c|3c2c/9cTdAd:-20|20:Bob|Alice
STATE:984:rc/crc/cc/crrrrc:3dKh|9s7s/2dQs9d/8d/Jh:-110|110:Alice|Bob
STATE:985:f:8d9c|5hKs:5|-5:Bob|Alice
STATE:986:rc/rrc/rc/crc:6sAd|4c9s/As8h5c/7c/6h:-80|80:Alice|Bob
STATE:987:crc/rc/cc/cc:QcTs|6cKs/AhKcTh/9s/9c:-30|30:Bob|Alice
STATE:988:rc/crc/rc/rrrc:3s4d|8s5d/7h7s3d/6c/5s:110|-110:Alice|Bob
STATE:989:crrrc/crrc/crrrc/rrc:QsKc|8c2c/Td6sQh/7d/Th:160|-160:Bob|Alice
STATE:990:rrc/rc/cc/rrrc:3s5d|Td2s/4d5c4s/Kd/2c:100|-100:Alice|Bob
STATE:991:cc/rrc/crc/rc:7d5s|Kh9c/As3hTs/Jh/Js:-70|70:Bob|Alice
STATE:992:rrrc/rrrrf:Kh6h|As2h/Qd2c2d:-70|70:Alice|Bob
STATE:993:rrc/rc/cc/crrc:8c7d|QcKc/Ac6hTd/9h/3d:80|-80:Bob|Alice
STATE:994:cc/cc/rrc/crrrrc:6s9d|4dQd/3hAh5d/4s/6h:130|-130:Alice|Bob
STATE:995:cc/rrc/crrc/cc:6c2d|9cKs/4dKc7d/Td/Ah:-70|70:Bob|Alice
STATE:996:crrc/crrc/rrrc/cc:9h7h|3d8s/JcAc5c/Ah/Ks:110|-110:Alice|Bob
STATE:997:crrc/crf:5s9c|8dJh/TdQc9d:-30|30:Bob|Alice
STATE:998:f:Kc6h|Qc3s:5|-5:Alice|Bob
STATE:999:cc/rc/cc/crrc:Jc8d|TdQd/As6d6h/7h/4s:-60|60:Bob|Alice
SCORE:-1315|1315:Alice|Bob
